Using pre-set license
Built from '2021.1/staging' branch; Version is '2021.1.17f1 (03b40fe07a36) revision 242703'; Using compiler version '192528614'; Build Type 'Release'
OS: 'Windows 10 Home; OS build 18363.1556; Version 1909; 64bit' Language: 'en' Physical Memory: 32647 MB
BatchMode: 1, IsHumanControllingUs: 0, StartBugReporterOnCrash: 0, Is64bit: 1, IsPro: 0

 COMMAND LINE ARGUMENTS:
C:\Program Files\Unity\Hub\Editor\2021.1.17f1\Editor\Unity.exe
-adb2
-batchMode
-noUpm
-name
AssetImportWorker0
-projectPath
C:/Users/sschn/OneDrive/Documents/GitHub/BloodGame/Practicle-Scripting
-logFile
Logs/AssetImportWorker0.log
-srvPort
55466
Successfully changed project path to: C:/Users/sschn/OneDrive/Documents/GitHub/BloodGame/Practicle-Scripting
C:/Users/sschn/OneDrive/Documents/GitHub/BloodGame/Practicle-Scripting
Using Asset Import Pipeline V2.
Refreshing native plugins compatible for Editor in 141.75 ms, found 3 plugins.
Preloading 0 native plugins for Editor in 0.00 ms.
Initialize engine version: 2021.1.17f1 (03b40fe07a36)
[Subsystems] Discovering subsystems at path C:/Program Files/Unity/Hub/Editor/2021.1.17f1/Editor/Data/Resources/UnitySubsystems
[Subsystems] Discovering subsystems at path C:/Users/sschn/OneDrive/Documents/GitHub/BloodGame/Practicle-Scripting/Assets
GfxDevice: creating device client; threaded=0; jobified=0
Direct3D:
    Version:  Direct3D 11.0 [level 11.1]
    Renderer: NVIDIA GeForce GTX 1070 (ID=0x1be1)
    Vendor:   NVIDIA
    VRAM:     8081 MB
    Driver:   30.0.14.9733
Initialize mono
Mono path[0] = 'C:/Program Files/Unity/Hub/Editor/2021.1.17f1/Editor/Data/Managed'
Mono path[1] = 'C:/Program Files/Unity/Hub/Editor/2021.1.17f1/Editor/Data/MonoBleedingEdge/lib/mono/unityjit'
Mono config path = 'C:/Program Files/Unity/Hub/Editor/2021.1.17f1/Editor/Data/MonoBleedingEdge/etc'
Using monoOptions --debugger-agent=transport=dt_socket,embedding=1,server=y,suspend=n,address=127.0.0.1:56064
Begin MonoManager ReloadAssembly
Registering precompiled unity dll's ...
Register platform support module: C:/Program Files/Unity/Hub/Editor/2021.1.17f1/Editor/Data/PlaybackEngines/WindowsStandaloneSupport/UnityEditor.WindowsStandalone.Extensions.dll
Registered in 0.001844 seconds.
Native extension for WindowsStandalone target not found
Refreshing native plugins compatible for Editor in 139.28 ms, found 3 plugins.
Preloading 0 native plugins for Editor in 0.00 ms.
Mono: successfully reloaded assembly
- Completed reload, in  1.359 seconds
Domain Reload Profiling:
	ReloadAssembly (1359ms)
		BeginReloadAssembly (65ms)
			ExecutionOrderSort (0ms)
			DisableScriptedObjects (0ms)
			BackupInstance (0ms)
			ReleaseScriptingObjects (0ms)
			CreateAndSetChildDomain (1ms)
		EndReloadAssembly (568ms)
			LoadAssemblies (63ms)
			RebuildTransferFunctionScriptingTraits (0ms)
			SetupTypeCache (191ms)
			ReleaseScriptCaches (0ms)
			RebuildScriptCaches (33ms)
			SetupLoadedEditorAssemblies (294ms)
				LogAssemblyErrors (0ms)
				InitializePlatformSupportModulesInManaged (6ms)
				SetLoadedEditorAssemblies (1ms)
				RefreshPlugins (139ms)
				BeforeProcessingInitializeOnLoad (1ms)
				ProcessInitializeOnLoadAttributes (115ms)
				ProcessInitializeOnLoadMethodAttributes (32ms)
				AfterProcessingInitializeOnLoad (0ms)
				EditorAssembliesLoaded (0ms)
			ExecutionOrderSort2 (0ms)
			AwakeInstancesAfterBackupRestoration (0ms)
Platform modules already initialized, skipping
Registering precompiled user dll's ...
Registered in 0.007956 seconds.
Begin MonoManager ReloadAssembly
Symbol file LoadedFromMemory doesn't match image C:\Users\sschn\OneDrive\Documents\GitHub\BloodGame\Practicle-Scripting\Library\PackageCache\com.unity.visualscripting@1.6.1\Editor\VisualScripting.Core\Dependencies\YamlDotNet\Unity.VisualScripting.YamlDotNet.dll
Symbol file LoadedFromMemory doesn't match image C:\Users\sschn\OneDrive\Documents\GitHub\BloodGame\Practicle-Scripting\Library\PackageCache\com.unity.visualscripting@1.6.1\Editor\VisualScripting.Core\Dependencies\DotNetZip\Unity.VisualScripting.IonicZip.dll
Native extension for WindowsStandalone target not found
Refreshing native plugins compatible for Editor in 148.14 ms, found 3 plugins.
Preloading 0 native plugins for Editor in 0.00 ms.
Mono: successfully reloaded assembly
- Completed reload, in  1.780 seconds
Domain Reload Profiling:
	ReloadAssembly (1781ms)
		BeginReloadAssembly (163ms)
			ExecutionOrderSort (0ms)
			DisableScriptedObjects (4ms)
			BackupInstance (0ms)
			ReleaseScriptingObjects (0ms)
			CreateAndSetChildDomain (20ms)
		EndReloadAssembly (1554ms)
			LoadAssemblies (109ms)
			RebuildTransferFunctionScriptingTraits (0ms)
			SetupTypeCache (415ms)
			ReleaseScriptCaches (1ms)
			RebuildScriptCaches (64ms)
			SetupLoadedEditorAssemblies (865ms)
				LogAssemblyErrors (0ms)
				InitializePlatformSupportModulesInManaged (4ms)
				SetLoadedEditorAssemblies (0ms)
				RefreshPlugins (148ms)
				BeforeProcessingInitializeOnLoad (118ms)
				ProcessInitializeOnLoadAttributes (581ms)
				ProcessInitializeOnLoadMethodAttributes (6ms)
				AfterProcessingInitializeOnLoad (7ms)
				EditorAssembliesLoaded (0ms)
			ExecutionOrderSort2 (0ms)
			AwakeInstancesAfterBackupRestoration (7ms)
Platform modules already initialized, skipping
========================================================================
Worker process is ready to serve import requests
Launched and connected shader compiler UnityShaderCompiler.exe after 0.07 seconds
Refreshing native plugins compatible for Editor in 0.96 ms, found 3 plugins.
Preloading 0 native plugins for Editor in 0.00 ms.
Unloading 4978 Unused Serialized files (Serialized files now loaded: 0)
System memory in use before: 195.5 MB.
System memory in use after: 195.9 MB.

Unloading 127 unused Assets to reduce memory usage. Loaded Objects now: 5408.
Total: 4.342400 ms (FindLiveObjects: 0.376800 ms CreateObjectMapping: 0.276700 ms MarkObjects: 3.467200 ms  DeleteObjects: 0.220700 ms)

AssetImportParameters requested are different than current active one (requested -> active):
  custom:framework-win-MediaFoundation: 216162199b28c13a410421893ffa2e32 -> 
  custom:video-decoder-ogg-theora: a1e56fd34408186e4bbccfd4996cb3dc -> 
  custom:container-muxer-webm: aa71ff27fc2769a1b78a27578f13a17b -> 
  custom:container-demuxer-webm: 4f35f7cbe854078d1ac9338744f61a02 -> 
  custom:container-demuxer-ogg: 62fdf1f143b41e24485cea50d1cbac27 -> 
  custom:video-encoder-webm-vp8: eb34c28f22e8b96e1ab97ce403110664 -> 
  custom:video-codec-MediaFoundation-h265: 746d11721c4dcdbdad8f713fa42b33f4 -> 
  custom:video-decoder-webm-vp8: 9c59270c3fd7afecdb556c50c9e8de78 -> 
  custom:audio-decoder-ogg-vorbis: bf7c407c2cedff20999df2af8eb42d56 -> 
  custom:audio-encoder-webm-vorbis: bf7c407c2cedff20999df2af8eb42d56 -> 
========================================================================
Received Import Request.
  path: Assets/Skull Platform/_source/Materials/Platform_Skull_Dark.mat
  artifactKey: Guid(077ada88bb0d1b1498ed3863532f415d) Importer(815301076,1909f56bfc062723c751e8b465ee728b)
Start importing Assets/Skull Platform/_source/Materials/Platform_Skull_Dark.mat using Guid(077ada88bb0d1b1498ed3863532f415d) Importer(815301076,1909f56bfc062723c751e8b465ee728b)  -> (artifact id: '652a07d84dcc1dc3b060b3c1f930eff8') in 0.253866 seconds 
========================================================================
Received Import Request.
  Time since last request: 0.000286 seconds.
  path: Assets/Skull Platform/_source/Materials/Platform_Skull_Emissive.mat
  artifactKey: Guid(dcbf35daa84d31d46af8a5b2a6183db2) Importer(815301076,1909f56bfc062723c751e8b465ee728b)
Start importing Assets/Skull Platform/_source/Materials/Platform_Skull_Emissive.mat using Guid(dcbf35daa84d31d46af8a5b2a6183db2) Importer(815301076,1909f56bfc062723c751e8b465ee728b)  -> (artifact id: '1fbed9748b357c3e27e96dfc45be4619') in 0.026629 seconds 
========================================================================
Received Import Request.
  Time since last request: 110.912967 seconds.
  path: Assets/Skull Platform/_source/Textures
  artifactKey: Guid(d179ddf2bd0715647b3e4b2b267c6157) Importer(815301076,1909f56bfc062723c751e8b465ee728b)
Start importing Assets/Skull Platform/_source/Textures using Guid(d179ddf2bd0715647b3e4b2b267c6157) Importer(815301076,1909f56bfc062723c751e8b465ee728b)  -> (artifact id: 'b067e780551b9bded096ebb5610acfd1') in 0.007960 seconds 
========================================================================
Received Import Request.
  Time since last request: 9.242495 seconds.
  path: Assets/Skull Platform/Demo
  artifactKey: Guid(fe261d6256f2d954390765b6708c238c) Importer(815301076,1909f56bfc062723c751e8b465ee728b)
Start importing Assets/Skull Platform/Demo using Guid(fe261d6256f2d954390765b6708c238c) Importer(815301076,1909f56bfc062723c751e8b465ee728b)  -> (artifact id: '54b2412d8dbcb389277e5d086a6586c6') in 0.005548 seconds 
========================================================================
Received Import Request.
  Time since last request: 1.028005 seconds.
  path: Assets/Skull Platform/Demo/Platform.unity
  artifactKey: Guid(696d5a744ed94f44d8b9aa9cb07b7e7b) Importer(815301076,1909f56bfc062723c751e8b465ee728b)
Start importing Assets/Skull Platform/Demo/Platform.unity using Guid(696d5a744ed94f44d8b9aa9cb07b7e7b) Importer(815301076,1909f56bfc062723c751e8b465ee728b)  -> (artifact id: 'dacc19b5e56a958a323bf3d439dcbba6') in 0.006307 seconds 
========================================================================
Received Import Request.
  Time since last request: 50.430408 seconds.
  path: Assets/Scenes/Will's Level 1.unity
  artifactKey: Guid(d9f07ef85a81d644a8a826b3c32e400e) Importer(815301076,1909f56bfc062723c751e8b465ee728b)
Start importing Assets/Scenes/Will's Level 1.unity using Guid(d9f07ef85a81d644a8a826b3c32e400e) Importer(815301076,1909f56bfc062723c751e8b465ee728b)  -> (artifact id: '17c4597d1899262e99ba1fbb2ebbf13b') in 0.006813 seconds 
========================================================================
Received Import Request.
  Time since last request: 79.501012 seconds.
  path: Assets/URP Sample
  artifactKey: Guid(29afd314385adf242816d13c5af0e2db) Importer(815301076,1909f56bfc062723c751e8b465ee728b)
Start importing Assets/URP Sample using Guid(29afd314385adf242816d13c5af0e2db) Importer(815301076,1909f56bfc062723c751e8b465ee728b)  -> (artifact id: '05b1603088ab737be622e9abbc5f438c') in 0.005379 seconds 
========================================================================
Received Import Request.
  Time since last request: 17.006816 seconds.
  path: Assets/Cartoon Temple Building Kit/Prefabs/Decorative Prefabs/Misc/Torch.prefab
  artifactKey: Guid(a78bc141566400c40a7a5d69f9f1439b) Importer(815301076,1909f56bfc062723c751e8b465ee728b)
Start importing Assets/Cartoon Temple Building Kit/Prefabs/Decorative Prefabs/Misc/Torch.prefab using Guid(a78bc141566400c40a7a5d69f9f1439b) Importer(815301076,1909f56bfc062723c751e8b465ee728b)  -> (artifact id: '37047c1061b1bf966938039de87b7edd') in 0.031735 seconds 
========================================================================
Received Import Request.
  Time since last request: 1486.740187 seconds.
  path: Assets/Skull Platform/Particles
  artifactKey: Guid(e85d49b31b5e1d746abe06e76e444cc0) Importer(815301076,1909f56bfc062723c751e8b465ee728b)
Start importing Assets/Skull Platform/Particles using Guid(e85d49b31b5e1d746abe06e76e444cc0) Importer(815301076,1909f56bfc062723c751e8b465ee728b)  -> (artifact id: 'ccdc32c3d94cf2af47f0a90634625e75') in 0.005040 seconds 
========================================================================
Received Import Request.
  Time since last request: 3.536430 seconds.
  path: Assets/Skull Platform/Particles/Textures
  artifactKey: Guid(c7ca3aade021ab143bd91cca15900f6f) Importer(815301076,1909f56bfc062723c751e8b465ee728b)
Start importing Assets/Skull Platform/Particles/Textures using Guid(c7ca3aade021ab143bd91cca15900f6f) Importer(815301076,1909f56bfc062723c751e8b465ee728b)  -> (artifact id: '695ca9cc98a3774a86ebfe4f79872fce') in 0.005020 seconds 
========================================================================
Received Import Request.
  Time since last request: 7.093285 seconds.
  path: Assets/Skull Platform/_source/Materials/Plane.mat
  artifactKey: Guid(9015bbc8d5118fa4287a093186ae4ab7) Importer(815301076,1909f56bfc062723c751e8b465ee728b)
Start importing Assets/Skull Platform/_source/Materials/Plane.mat using Guid(9015bbc8d5118fa4287a093186ae4ab7) Importer(815301076,1909f56bfc062723c751e8b465ee728b)  -> (artifact id: 'dfeb3a33eb6a35fd3d71a43365dbb5be') in 0.013355 seconds 
========================================================================
Received Import Request.
  Time since last request: 0.000273 seconds.
  path: Assets/Skull Platform/_source/Materials/Platform_Skull.mat
  artifactKey: Guid(142c3b583dd41ee4bb08dcab10ae5bfa) Importer(815301076,1909f56bfc062723c751e8b465ee728b)
Start importing Assets/Skull Platform/_source/Materials/Platform_Skull.mat using Guid(142c3b583dd41ee4bb08dcab10ae5bfa) Importer(815301076,1909f56bfc062723c751e8b465ee728b)  -> (artifact id: '759c1bc43213be563ceda81887d9d3ad') in 0.036447 seconds 
========================================================================
Received Import Request.
  Time since last request: 0.000316 seconds.
  path: Assets/Skull Platform/_source/Materials/Platform_Skull_Dark.mat
  artifactKey: Guid(077ada88bb0d1b1498ed3863532f415d) Importer(815301076,1909f56bfc062723c751e8b465ee728b)
Start importing Assets/Skull Platform/_source/Materials/Platform_Skull_Dark.mat using Guid(077ada88bb0d1b1498ed3863532f415d) Importer(815301076,1909f56bfc062723c751e8b465ee728b)  -> (artifact id: 'bb07bba1d95f89fc72e2ced64ba34056') in 0.016245 seconds 
========================================================================
Received Import Request.
  Time since last request: 0.000516 seconds.
  path: Assets/Skull Platform/_source/Materials/Platform_Skull_Emissive.mat
  artifactKey: Guid(dcbf35daa84d31d46af8a5b2a6183db2) Importer(815301076,1909f56bfc062723c751e8b465ee728b)
Start importing Assets/Skull Platform/_source/Materials/Platform_Skull_Emissive.mat using Guid(dcbf35daa84d31d46af8a5b2a6183db2) Importer(815301076,1909f56bfc062723c751e8b465ee728b)  -> (artifact id: '0dae02f71267b2d714d9641145501fd6') in 0.018269 seconds 
========================================================================
Received Import Request.
  Time since last request: 40.442862 seconds.
  path: Assets/Skull Platform/Particles/_Prefabs
  artifactKey: Guid(cafd10b4f3d80b0429659141dc34a8a6) Importer(815301076,1909f56bfc062723c751e8b465ee728b)
Start importing Assets/Skull Platform/Particles/_Prefabs using Guid(cafd10b4f3d80b0429659141dc34a8a6) Importer(815301076,1909f56bfc062723c751e8b465ee728b)  -> (artifact id: '6c16026188984b4cb935785500679c57') in 0.005421 seconds 
========================================================================
Received Prepare
Registering precompiled user dll's ...
Registered in 0.006837 seconds.
Begin MonoManager ReloadAssembly
Symbol file LoadedFromMemory doesn't match image C:\Users\sschn\OneDrive\Documents\GitHub\BloodGame\Practicle-Scripting\Library\PackageCache\com.unity.visualscripting@1.6.1\Editor\VisualScripting.Core\Dependencies\YamlDotNet\Unity.VisualScripting.YamlDotNet.dll
Symbol file LoadedFromMemory doesn't match image C:\Users\sschn\OneDrive\Documents\GitHub\BloodGame\Practicle-Scripting\Library\PackageCache\com.unity.visualscripting@1.6.1\Editor\VisualScripting.Core\Dependencies\DotNetZip\Unity.VisualScripting.IonicZip.dll
Native extension for WindowsStandalone target not found
Refreshing native plugins compatible for Editor in 1.22 ms, found 3 plugins.
Preloading 0 native plugins for Editor in 0.00 ms.
Warning: Annotation not found!
UnityEngine.StackTraceUtility:ExtractStackTrace ()
UnityEditor.ProBuilder.EditorUtility:SetGizmoIconEnabled (System.Type,bool) (at Library/PackageCache/com.unity.probuilder@5.0.3/Editor/EditorCore/EditorUtility.cs:575)
UnityEditor.ProBuilder.HierarchyListener:.cctor () (at Library/PackageCache/com.unity.probuilder@5.0.3/Editor/EditorCore/HierarchyListener.cs:21)
System.Runtime.CompilerServices.RuntimeHelpers:RunClassConstructor (System.RuntimeTypeHandle)
UnityEditor.EditorAssemblies:ProcessInitializeOnLoadAttributes (System.Type[])

[Library/PackageCache/com.unity.probuilder@5.0.3/Editor/EditorCore/EditorUtility.cs line 575]

Mono: successfully reloaded assembly
- Completed reload, in  1.491 seconds
Domain Reload Profiling:
	ReloadAssembly (1492ms)
		BeginReloadAssembly (162ms)
			ExecutionOrderSort (0ms)
			DisableScriptedObjects (6ms)
			BackupInstance (0ms)
			ReleaseScriptingObjects (0ms)
			CreateAndSetChildDomain (48ms)
		EndReloadAssembly (1264ms)
			LoadAssemblies (120ms)
			RebuildTransferFunctionScriptingTraits (0ms)
			SetupTypeCache (462ms)
			ReleaseScriptCaches (2ms)
			RebuildScriptCaches (58ms)
			SetupLoadedEditorAssemblies (475ms)
				LogAssemblyErrors (0ms)
				InitializePlatformSupportModulesInManaged (5ms)
				SetLoadedEditorAssemblies (0ms)
				RefreshPlugins (1ms)
				BeforeProcessingInitializeOnLoad (88ms)
				ProcessInitializeOnLoadAttributes (367ms)
				ProcessInitializeOnLoadMethodAttributes (5ms)
				AfterProcessingInitializeOnLoad (7ms)
				EditorAssembliesLoaded (0ms)
			ExecutionOrderSort2 (0ms)
			AwakeInstancesAfterBackupRestoration (16ms)
Platform modules already initialized, skipping
Refreshing native plugins compatible for Editor in 1.01 ms, found 3 plugins.
Preloading 0 native plugins for Editor in 0.00 ms.
Unloading 4816 Unused Serialized files (Serialized files now loaded: 0)
System memory in use before: 190.3 MB.
System memory in use after: 190.7 MB.

Unloading 22 unused Assets to reduce memory usage. Loaded Objects now: 5488.
Total: 4.105300 ms (FindLiveObjects: 0.369300 ms CreateObjectMapping: 0.276700 ms MarkObjects: 3.385400 ms  DeleteObjects: 0.073100 ms)

AssetImportParameters requested are different than current active one (requested -> active):
  custom:framework-win-MediaFoundation: 216162199b28c13a410421893ffa2e32 -> 
  custom:video-decoder-ogg-theora: a1e56fd34408186e4bbccfd4996cb3dc -> 
  custom:container-muxer-webm: aa71ff27fc2769a1b78a27578f13a17b -> 
  custom:container-demuxer-webm: 4f35f7cbe854078d1ac9338744f61a02 -> 
  custom:container-demuxer-ogg: 62fdf1f143b41e24485cea50d1cbac27 -> 
  custom:video-encoder-webm-vp8: eb34c28f22e8b96e1ab97ce403110664 -> 
  custom:video-codec-MediaFoundation-h265: 746d11721c4dcdbdad8f713fa42b33f4 -> 
  custom:video-decoder-webm-vp8: 9c59270c3fd7afecdb556c50c9e8de78 -> 
  custom:audio-decoder-ogg-vorbis: bf7c407c2cedff20999df2af8eb42d56 -> 
  custom:audio-encoder-webm-vorbis: bf7c407c2cedff20999df2af8eb42d56 -> 
========================================================================
Received Import Request.
  Time since last request: 291.229452 seconds.
  path: Assets/Prefabs/Obstacles
  artifactKey: Guid(4673f7875f20f6d4cb7d2cdf79436a57) Importer(815301076,1909f56bfc062723c751e8b465ee728b)
Start importing Assets/Prefabs/Obstacles using Guid(4673f7875f20f6d4cb7d2cdf79436a57) Importer(815301076,1909f56bfc062723c751e8b465ee728b)  -> (artifact id: 'c8c15b106903f6f863d93233806925fa') in 0.010316 seconds 
========================================================================
Received Import Request.
  Time since last request: 0.028992 seconds.
  path: Assets/Prefabs/Obstacles/Death Trap.prefab
  artifactKey: Guid(cdb0400fe997fda4b84ff357ccad4819) Importer(815301076,1909f56bfc062723c751e8b465ee728b)
Start importing Assets/Prefabs/Obstacles/Death Trap.prefab using Guid(cdb0400fe997fda4b84ff357ccad4819) Importer(815301076,1909f56bfc062723c751e8b465ee728b)  -> (artifact id: '575060e16ac3dc582c58d0cbdea2b664') in 0.052369 seconds 
========================================================================
Received Import Request.
  Time since last request: 0.000287 seconds.
  path: Assets/Prefabs/Obstacles/Laser Beam Prefab.prefab
  artifactKey: Guid(e8f2201358a5e13469313df2cf5ea2b5) Importer(815301076,1909f56bfc062723c751e8b465ee728b)
Start importing Assets/Prefabs/Obstacles/Laser Beam Prefab.prefab using Guid(e8f2201358a5e13469313df2cf5ea2b5) Importer(815301076,1909f56bfc062723c751e8b465ee728b)  -> (artifact id: 'daa163ed19a95a8c06f801e89776328b') in 0.170409 seconds 
========================================================================
Received Import Request.
  Time since last request: 0.000184 seconds.
  path: Assets/Prefabs/Obstacles/Pressure Plate Obstacle.prefab
  artifactKey: Guid(c5f1f9cd216fa0c4398227dbd65e4286) Importer(815301076,1909f56bfc062723c751e8b465ee728b)
Start importing Assets/Prefabs/Obstacles/Pressure Plate Obstacle.prefab using Guid(c5f1f9cd216fa0c4398227dbd65e4286) Importer(815301076,1909f56bfc062723c751e8b465ee728b)  -> (artifact id: '7b59d9700820d6e8b922414a958ec58e') in 0.015197 seconds 
========================================================================
Received Import Request.
  Time since last request: 4.573039 seconds.
  path: Assets/Prefabs/Projectiles/cannonBall.prefab
  artifactKey: Guid(6b01e45b273ebfc49a3971ba73b5b3bc) Importer(815301076,1909f56bfc062723c751e8b465ee728b)
Start importing Assets/Prefabs/Projectiles/cannonBall.prefab using Guid(6b01e45b273ebfc49a3971ba73b5b3bc) Importer(815301076,1909f56bfc062723c751e8b465ee728b)  -> (artifact id: '737a0f4c66ec66ad955cbcc61a25aca2') in 0.013704 seconds 
========================================================================
Received Import Request.
  Time since last request: 12.534156 seconds.
  path: Assets/Prefabs/Level 1/Room 0.prefab
  artifactKey: Guid(663278b78339e3946a24b97b5fa3c27e) Importer(815301076,1909f56bfc062723c751e8b465ee728b)
Start importing Assets/Prefabs/Level 1/Room 0.prefab using Guid(663278b78339e3946a24b97b5fa3c27e) Importer(815301076,1909f56bfc062723c751e8b465ee728b)  -> (artifact id: '2ca1319eac9670dbeec941f0a9a4a2bb') in 0.016080 seconds 
========================================================================
Received Import Request.
  Time since last request: 0.000277 seconds.
  path: Assets/Prefabs/Level 1/Room 1.prefab
  artifactKey: Guid(d6444b53655ec12438b428676f8e05d2) Importer(815301076,1909f56bfc062723c751e8b465ee728b)
Start importing Assets/Prefabs/Level 1/Room 1.prefab using Guid(d6444b53655ec12438b428676f8e05d2) Importer(815301076,1909f56bfc062723c751e8b465ee728b)  -> (artifact id: '7217c67ea4111b343f824e567e442164') in 0.016874 seconds 
========================================================================
Received Import Request.
  Time since last request: 8.709329 seconds.
  path: Assets/FPS Kit/FPS/Prefabs/Enemies/Enemy_Turret.prefab
  artifactKey: Guid(e29d43f43cc5d82499dd9926e01847d3) Importer(815301076,1909f56bfc062723c751e8b465ee728b)
Start importing Assets/FPS Kit/FPS/Prefabs/Enemies/Enemy_Turret.prefab using Guid(e29d43f43cc5d82499dd9926e01847d3) Importer(815301076,1909f56bfc062723c751e8b465ee728b)  -> (artifact id: 'd9209d213512fb3722a03d70d08cb4b4') in 1.174353 seconds 
========================================================================
Received Import Request.
  Time since last request: 0.000211 seconds.
  path: Assets/FPS Kit/FPS/Audio/SFX/Enemies/Turret_Death.wav
  artifactKey: Guid(65b7d1df144c6944cab9d6686649df0b) Importer(815301076,1909f56bfc062723c751e8b465ee728b)
Start importing Assets/FPS Kit/FPS/Audio/SFX/Enemies/Turret_Death.wav using Guid(65b7d1df144c6944cab9d6686649df0b) Importer(815301076,1909f56bfc062723c751e8b465ee728b)  -> (artifact id: 'e7b1c1decc7f5cd163181966b91148b0') in 0.054529 seconds 
========================================================================
Received Import Request.
  Time since last request: 0.000246 seconds.
  path: Assets/FPS Kit/FPS/Art/Textures/Characters/Turret_Glass_Albedo.png
  artifactKey: Guid(999498a7bbaf0ac4c9a87187d9154a02) Importer(815301076,1909f56bfc062723c751e8b465ee728b)
Start importing Assets/FPS Kit/FPS/Art/Textures/Characters/Turret_Glass_Albedo.png using Guid(999498a7bbaf0ac4c9a87187d9154a02) Importer(815301076,1909f56bfc062723c751e8b465ee728b)  -> (artifact id: '723adf8cab913b7217031f6d021bf82a') in 0.027098 seconds 
========================================================================
Received Import Request.
  Time since last request: 0.000305 seconds.
  path: Assets/FPS Kit/FPS/Animation/Turret/Turret@AttackIn.fbx
  artifactKey: Guid(75ddbac7a55d2e94f9908caf1194a926) Importer(815301076,1909f56bfc062723c751e8b465ee728b)
Start importing Assets/FPS Kit/FPS/Animation/Turret/Turret@AttackIn.fbx using Guid(75ddbac7a55d2e94f9908caf1194a926) Importer(815301076,1909f56bfc062723c751e8b465ee728b)  -> (artifact id: '69a09d27d6749abcfe5e79c99fb4a5d2') in 0.012820 seconds 
========================================================================
Received Import Request.
  Time since last request: 0.000267 seconds.
  path: Assets/FPS Kit/FPS/Animation/Turret/Turret@PassiveHurt.fbx
  artifactKey: Guid(87e95e20f7471044e8fadf76fb32c842) Importer(815301076,1909f56bfc062723c751e8b465ee728b)
Start importing Assets/FPS Kit/FPS/Animation/Turret/Turret@PassiveHurt.fbx using Guid(87e95e20f7471044e8fadf76fb32c842) Importer(815301076,1909f56bfc062723c751e8b465ee728b)  -> (artifact id: '085a8098a8f12cec4484c6269530aa90') in 0.007441 seconds 
========================================================================
Received Import Request.
  Time since last request: 0.000307 seconds.
  path: Assets/FPS Kit/FPS/Art/Textures/Characters/Turret_Body_MetallicSmooth.png
  artifactKey: Guid(bc34b669148a64648bc66d09fc08dd97) Importer(815301076,1909f56bfc062723c751e8b465ee728b)
Start importing Assets/FPS Kit/FPS/Art/Textures/Characters/Turret_Body_MetallicSmooth.png using Guid(bc34b669148a64648bc66d09fc08dd97) Importer(815301076,1909f56bfc062723c751e8b465ee728b)  -> (artifact id: '1cbc3e43b01434242d8005b691257704') in 0.011237 seconds 
========================================================================
Received Import Request.
  Time since last request: 0.000239 seconds.
  path: Assets/FPS Kit/FPS/Art/Textures/Characters/Turret_Light_Emission.png
  artifactKey: Guid(935233d8608b4e844984c64d06fd2c01) Importer(815301076,1909f56bfc062723c751e8b465ee728b)
Start importing Assets/FPS Kit/FPS/Art/Textures/Characters/Turret_Light_Emission.png using Guid(935233d8608b4e844984c64d06fd2c01) Importer(815301076,1909f56bfc062723c751e8b465ee728b)  -> (artifact id: 'e9d64fc5515a52b57ce782901a8483ab') in 0.013857 seconds 
========================================================================
Received Import Request.
  Time since last request: 0.000222 seconds.
  path: Assets/FPS Kit/FPS/Art/Materials/Enemies/Turret_Glass.mat
  artifactKey: Guid(b4ed14065adcea64a970450dc529bdef) Importer(815301076,1909f56bfc062723c751e8b465ee728b)
Start importing Assets/FPS Kit/FPS/Art/Materials/Enemies/Turret_Glass.mat using Guid(b4ed14065adcea64a970450dc529bdef) Importer(815301076,1909f56bfc062723c751e8b465ee728b)  -> (artifact id: 'd5a1e2f4ae12b240101b0260f5ba3609') in 0.024321 seconds 
========================================================================
Received Import Request.
  Time since last request: 0.000187 seconds.
  path: Assets/FPS Kit/FPS/Animation/Masks/Turret.mask
  artifactKey: Guid(9e44403db5ac31c46a4307c9dec6d6b1) Importer(815301076,1909f56bfc062723c751e8b465ee728b)
Start importing Assets/FPS Kit/FPS/Animation/Masks/Turret.mask using Guid(9e44403db5ac31c46a4307c9dec6d6b1) Importer(815301076,1909f56bfc062723c751e8b465ee728b)  -> (artifact id: '96688f63c5d2d37896dcccae7f5bec75') in 0.008201 seconds 
========================================================================
Received Import Request.
  Time since last request: 0.000322 seconds.
  path: Assets/FPS Kit/FPS/Animation/Turret/Turret@ActivatedHurt.fbx
  artifactKey: Guid(2a883265866f68f44b24327c4c23275e) Importer(815301076,1909f56bfc062723c751e8b465ee728b)
Start importing Assets/FPS Kit/FPS/Animation/Turret/Turret@ActivatedHurt.fbx using Guid(2a883265866f68f44b24327c4c23275e) Importer(815301076,1909f56bfc062723c751e8b465ee728b)  -> (artifact id: '61026b3990db8865e93970a217040f45') in 0.008233 seconds 
========================================================================
Received Import Request.
  Time since last request: 0.000198 seconds.
  path: Assets/FPS Kit/FPS/Animation/Turret/Turret@AttackOut.fbx
  artifactKey: Guid(a43aac245dca8ed4da27d100a5b9e5a3) Importer(815301076,1909f56bfc062723c751e8b465ee728b)
Start importing Assets/FPS Kit/FPS/Animation/Turret/Turret@AttackOut.fbx using Guid(a43aac245dca8ed4da27d100a5b9e5a3) Importer(815301076,1909f56bfc062723c751e8b465ee728b)  -> (artifact id: '3f46ed5cd3430ab2fde992f92a431df0') in 0.008014 seconds 
========================================================================
Received Import Request.
  Time since last request: 0.000275 seconds.
  path: Assets/FPS Kit/FPS/Animation/Rigs/Turret.fbx
  artifactKey: Guid(fad35a70731ab804c975c717ee8862a5) Importer(815301076,1909f56bfc062723c751e8b465ee728b)
Start importing Assets/FPS Kit/FPS/Animation/Rigs/Turret.fbx using Guid(fad35a70731ab804c975c717ee8862a5) Importer(815301076,1909f56bfc062723c751e8b465ee728b)  -> (artifact id: '972fcaeb007ded669be2d7216651a358') in 0.056049 seconds 
========================================================================
Received Import Request.
  Time since last request: 0.000173 seconds.
  path: Assets/FPS Kit/FPS/Animation/Turret/Turret@Idle.fbx
  artifactKey: Guid(a1467423825391d4d80d3a58af08b09d) Importer(815301076,1909f56bfc062723c751e8b465ee728b)
Start importing Assets/FPS Kit/FPS/Animation/Turret/Turret@Idle.fbx using Guid(a1467423825391d4d80d3a58af08b09d) Importer(815301076,1909f56bfc062723c751e8b465ee728b)  -> (artifact id: '7117d789cbf8ff09cf2a3dd72a148224') in 0.007997 seconds 
========================================================================
Received Import Request.
  Time since last request: 0.000250 seconds.
  path: Assets/FPS Kit/FPS/Art/Materials/Enemies/Turret_Body.mat
  artifactKey: Guid(bc52f7878b77b454787353158253aa1a) Importer(815301076,1909f56bfc062723c751e8b465ee728b)
Start importing Assets/FPS Kit/FPS/Art/Materials/Enemies/Turret_Body.mat using Guid(bc52f7878b77b454787353158253aa1a) Importer(815301076,1909f56bfc062723c751e8b465ee728b)  -> (artifact id: 'e6b88f91fb6f738cde51f9d45422b6ff') in 0.014264 seconds 
========================================================================
Received Import Request.
  Time since last request: 0.000269 seconds.
  path: Assets/FPS Kit/FPS/Audio/SFX/Enemies/Turret_Attack.wav
  artifactKey: Guid(0d44f0cb2e91f5f4ca09aded9a1bd9ab) Importer(815301076,1909f56bfc062723c751e8b465ee728b)
Start importing Assets/FPS Kit/FPS/Audio/SFX/Enemies/Turret_Attack.wav using Guid(0d44f0cb2e91f5f4ca09aded9a1bd9ab) Importer(815301076,1909f56bfc062723c751e8b465ee728b)  -> (artifact id: '49571ecdff00f1ea8909170dfe02695e') in 0.010556 seconds 
========================================================================
Received Import Request.
  Time since last request: 0.000299 seconds.
  path: Assets/FPS Kit/FPS/Art/Materials/Enemies/Turret_Eye.mat
  artifactKey: Guid(778fbfe9a7e4a96418b9312dbfc4d67c) Importer(815301076,1909f56bfc062723c751e8b465ee728b)
Start importing Assets/FPS Kit/FPS/Art/Materials/Enemies/Turret_Eye.mat using Guid(778fbfe9a7e4a96418b9312dbfc4d67c) Importer(815301076,1909f56bfc062723c751e8b465ee728b)  -> (artifact id: '26f075ed5edc8eeb9d42d1d24e0e2772') in 0.012724 seconds 
========================================================================
Received Import Request.
  Time since last request: 0.000259 seconds.
  path: Assets/FPS Kit/FPS/Prefabs/VFX/VFX_AngrySteamTurret.prefab
  artifactKey: Guid(80a1c11596afc5b4e99fcd0cc136f3ed) Importer(815301076,1909f56bfc062723c751e8b465ee728b)
Start importing Assets/FPS Kit/FPS/Prefabs/VFX/VFX_AngrySteamTurret.prefab using Guid(80a1c11596afc5b4e99fcd0cc136f3ed) Importer(815301076,1909f56bfc062723c751e8b465ee728b)  -> (artifact id: 'b4c77a13c28382d4f4b651724ebde509') in 0.013122 seconds 
========================================================================
Received Import Request.
  Time since last request: 0.000297 seconds.
  path: Assets/FPS Kit/FPS/Audio/SFX/Enemies/Turret_Alert.mp3
  artifactKey: Guid(7fac2ef5c59df1a45985d3eb894e8d47) Importer(815301076,1909f56bfc062723c751e8b465ee728b)
Start importing Assets/FPS Kit/FPS/Audio/SFX/Enemies/Turret_Alert.mp3 using Guid(7fac2ef5c59df1a45985d3eb894e8d47) Importer(815301076,1909f56bfc062723c751e8b465ee728b)  -> (artifact id: 'c8daebe567ec8daa9e2982b2b01719af') in 0.012824 seconds 
========================================================================
Received Import Request.
  Time since last request: 0.000203 seconds.
  path: Assets/FPS Kit/FPS/Art/Textures/Characters/Turret_Body_AO.png
  artifactKey: Guid(b4221e4f27f28c0409eb9d419a6b8037) Importer(815301076,1909f56bfc062723c751e8b465ee728b)
Start importing Assets/FPS Kit/FPS/Art/Textures/Characters/Turret_Body_AO.png using Guid(b4221e4f27f28c0409eb9d419a6b8037) Importer(815301076,1909f56bfc062723c751e8b465ee728b)  -> (artifact id: '250f440c63b4cde3657bf4467053c991') in 0.013416 seconds 
========================================================================
Received Import Request.
  Time since last request: 0.000281 seconds.
  path: Assets/FPS Kit/FPS/Art/Textures/Characters/Turret_Body_Albedo.png
  artifactKey: Guid(2b69f8e6922e5dd44a04ac9b12005af7) Importer(815301076,1909f56bfc062723c751e8b465ee728b)
Start importing Assets/FPS Kit/FPS/Art/Textures/Characters/Turret_Body_Albedo.png using Guid(2b69f8e6922e5dd44a04ac9b12005af7) Importer(815301076,1909f56bfc062723c751e8b465ee728b)  -> (artifact id: '7f1b7e7fc1f811f02c57e48f64dec5aa') in 0.011042 seconds 
========================================================================
Received Import Request.
  Time since last request: 0.000303 seconds.
  path: Assets/FPS Kit/FPS/Animation/Turret/Turret@AttackLoop.fbx
  artifactKey: Guid(8960478e18a418b4da048978e6a4b534) Importer(815301076,1909f56bfc062723c751e8b465ee728b)
Start importing Assets/FPS Kit/FPS/Animation/Turret/Turret@AttackLoop.fbx using Guid(8960478e18a418b4da048978e6a4b534) Importer(815301076,1909f56bfc062723c751e8b465ee728b)  -> (artifact id: '616e1e173fe6abc499454b023d853bc1') in 0.008004 seconds 
========================================================================
Received Import Request.
  Time since last request: 15.839937 seconds.
  path: Assets/FPS Kit/FPS/Prefabs/Enemies
  artifactKey: Guid(18823e7e7ece9234c8632787001b69a3) Importer(815301076,1909f56bfc062723c751e8b465ee728b)
Start importing Assets/FPS Kit/FPS/Prefabs/Enemies using Guid(18823e7e7ece9234c8632787001b69a3) Importer(815301076,1909f56bfc062723c751e8b465ee728b)  -> (artifact id: '1f400947375316a611a5f0400b322aae') in 0.006697 seconds 
========================================================================
Received Import Request.
  Time since last request: 0.034962 seconds.
  path: Assets/FPS Kit/FPS/Prefabs/Enemies/Enemy_HoverBot.prefab
  artifactKey: Guid(25a1b0efadb966e44889fce712c8ff8d) Importer(815301076,1909f56bfc062723c751e8b465ee728b)
Start importing Assets/FPS Kit/FPS/Prefabs/Enemies/Enemy_HoverBot.prefab using Guid(25a1b0efadb966e44889fce712c8ff8d) Importer(815301076,1909f56bfc062723c751e8b465ee728b)  -> (artifact id: 'd9f8a00a614c5ce40789d755ebb402c6') in 0.050680 seconds 
========================================================================
Received Prepare
Registering precompiled user dll's ...
Registered in 0.007118 seconds.
Begin MonoManager ReloadAssembly
Symbol file LoadedFromMemory doesn't match image C:\Users\sschn\OneDrive\Documents\GitHub\BloodGame\Practicle-Scripting\Library\PackageCache\com.unity.visualscripting@1.6.1\Editor\VisualScripting.Core\Dependencies\YamlDotNet\Unity.VisualScripting.YamlDotNet.dll
Symbol file LoadedFromMemory doesn't match image C:\Users\sschn\OneDrive\Documents\GitHub\BloodGame\Practicle-Scripting\Library\PackageCache\com.unity.visualscripting@1.6.1\Editor\VisualScripting.Core\Dependencies\DotNetZip\Unity.VisualScripting.IonicZip.dll
Native extension for WindowsStandalone target not found
Refreshing native plugins compatible for Editor in 1.00 ms, found 3 plugins.
Preloading 0 native plugins for Editor in 0.00 ms.
Warning: Annotation not found!
UnityEngine.StackTraceUtility:ExtractStackTrace ()
UnityEditor.ProBuilder.EditorUtility:SetGizmoIconEnabled (System.Type,bool) (at Library/PackageCache/com.unity.probuilder@5.0.3/Editor/EditorCore/EditorUtility.cs:575)
UnityEditor.ProBuilder.HierarchyListener:.cctor () (at Library/PackageCache/com.unity.probuilder@5.0.3/Editor/EditorCore/HierarchyListener.cs:21)
System.Runtime.CompilerServices.RuntimeHelpers:RunClassConstructor (System.RuntimeTypeHandle)
UnityEditor.EditorAssemblies:ProcessInitializeOnLoadAttributes (System.Type[])

[Library/PackageCache/com.unity.probuilder@5.0.3/Editor/EditorCore/EditorUtility.cs line 575]

Mono: successfully reloaded assembly
- Completed reload, in  1.556 seconds
Domain Reload Profiling:
	ReloadAssembly (1557ms)
		BeginReloadAssembly (163ms)
			ExecutionOrderSort (0ms)
			DisableScriptedObjects (7ms)
			BackupInstance (0ms)
			ReleaseScriptingObjects (0ms)
			CreateAndSetChildDomain (56ms)
		EndReloadAssembly (1313ms)
			LoadAssemblies (129ms)
			RebuildTransferFunctionScriptingTraits (0ms)
			SetupTypeCache (498ms)
			ReleaseScriptCaches (2ms)
			RebuildScriptCaches (88ms)
			SetupLoadedEditorAssemblies (435ms)
				LogAssemblyErrors (0ms)
				InitializePlatformSupportModulesInManaged (5ms)
				SetLoadedEditorAssemblies (0ms)
				RefreshPlugins (1ms)
				BeforeProcessingInitializeOnLoad (85ms)
				ProcessInitializeOnLoadAttributes (332ms)
				ProcessInitializeOnLoadMethodAttributes (5ms)
				AfterProcessingInitializeOnLoad (7ms)
				EditorAssembliesLoaded (0ms)
			ExecutionOrderSort2 (0ms)
			AwakeInstancesAfterBackupRestoration (21ms)
Platform modules already initialized, skipping
Refreshing native plugins compatible for Editor in 1.10 ms, found 3 plugins.
Preloading 0 native plugins for Editor in 0.00 ms.
Unloading 4821 Unused Serialized files (Serialized files now loaded: 0)
System memory in use before: 208.2 MB.
System memory in use after: 208.6 MB.

Unloading 22 unused Assets to reduce memory usage. Loaded Objects now: 5610.
Total: 4.724900 ms (FindLiveObjects: 0.421500 ms CreateObjectMapping: 0.315000 ms MarkObjects: 3.897600 ms  DeleteObjects: 0.089700 ms)

AssetImportParameters requested are different than current active one (requested -> active):
  custom:framework-win-MediaFoundation: 216162199b28c13a410421893ffa2e32 -> 
  custom:video-decoder-ogg-theora: a1e56fd34408186e4bbccfd4996cb3dc -> 
  custom:container-muxer-webm: aa71ff27fc2769a1b78a27578f13a17b -> 
  custom:container-demuxer-webm: 4f35f7cbe854078d1ac9338744f61a02 -> 
  custom:container-demuxer-ogg: 62fdf1f143b41e24485cea50d1cbac27 -> 
  custom:video-encoder-webm-vp8: eb34c28f22e8b96e1ab97ce403110664 -> 
  custom:video-codec-MediaFoundation-h265: 746d11721c4dcdbdad8f713fa42b33f4 -> 
  custom:video-decoder-webm-vp8: 9c59270c3fd7afecdb556c50c9e8de78 -> 
  custom:audio-decoder-ogg-vorbis: bf7c407c2cedff20999df2af8eb42d56 -> 
  custom:audio-encoder-webm-vorbis: bf7c407c2cedff20999df2af8eb42d56 -> 
========================================================================
Received Prepare
Registering precompiled user dll's ...
Registered in 0.007092 seconds.
Begin MonoManager ReloadAssembly
Symbol file LoadedFromMemory doesn't match image C:\Users\sschn\OneDrive\Documents\GitHub\BloodGame\Practicle-Scripting\Library\PackageCache\com.unity.visualscripting@1.6.1\Editor\VisualScripting.Core\Dependencies\YamlDotNet\Unity.VisualScripting.YamlDotNet.dll
Symbol file LoadedFromMemory doesn't match image C:\Users\sschn\OneDrive\Documents\GitHub\BloodGame\Practicle-Scripting\Library\PackageCache\com.unity.visualscripting@1.6.1\Editor\VisualScripting.Core\Dependencies\DotNetZip\Unity.VisualScripting.IonicZip.dll
Native extension for WindowsStandalone target not found
Refreshing native plugins compatible for Editor in 0.99 ms, found 3 plugins.
Preloading 0 native plugins for Editor in 0.00 ms.
Warning: Annotation not found!
UnityEngine.StackTraceUtility:ExtractStackTrace ()
UnityEditor.ProBuilder.EditorUtility:SetGizmoIconEnabled (System.Type,bool) (at Library/PackageCache/com.unity.probuilder@5.0.3/Editor/EditorCore/EditorUtility.cs:575)
UnityEditor.ProBuilder.HierarchyListener:.cctor () (at Library/PackageCache/com.unity.probuilder@5.0.3/Editor/EditorCore/HierarchyListener.cs:21)
System.Runtime.CompilerServices.RuntimeHelpers:RunClassConstructor (System.RuntimeTypeHandle)
UnityEditor.EditorAssemblies:ProcessInitializeOnLoadAttributes (System.Type[])

[Library/PackageCache/com.unity.probuilder@5.0.3/Editor/EditorCore/EditorUtility.cs line 575]

Mono: successfully reloaded assembly
- Completed reload, in  1.605 seconds
Domain Reload Profiling:
	ReloadAssembly (1605ms)
		BeginReloadAssembly (157ms)
			ExecutionOrderSort (0ms)
			DisableScriptedObjects (8ms)
			BackupInstance (0ms)
			ReleaseScriptingObjects (0ms)
			CreateAndSetChildDomain (48ms)
		EndReloadAssembly (1366ms)
			LoadAssemblies (131ms)
			RebuildTransferFunctionScriptingTraits (0ms)
			SetupTypeCache (486ms)
			ReleaseScriptCaches (2ms)
			RebuildScriptCaches (56ms)
			SetupLoadedEditorAssemblies (519ms)
				LogAssemblyErrors (0ms)
				InitializePlatformSupportModulesInManaged (5ms)
				SetLoadedEditorAssemblies (0ms)
				RefreshPlugins (1ms)
				BeforeProcessingInitializeOnLoad (101ms)
				ProcessInitializeOnLoadAttributes (396ms)
				ProcessInitializeOnLoadMethodAttributes (6ms)
				AfterProcessingInitializeOnLoad (10ms)
				EditorAssembliesLoaded (0ms)
			ExecutionOrderSort2 (0ms)
			AwakeInstancesAfterBackupRestoration (22ms)
Platform modules already initialized, skipping
Refreshing native plugins compatible for Editor in 1.05 ms, found 3 plugins.
Preloading 0 native plugins for Editor in 0.00 ms.
Unloading 4816 Unused Serialized files (Serialized files now loaded: 0)
System memory in use before: 208.0 MB.
System memory in use after: 208.4 MB.

Unloading 22 unused Assets to reduce memory usage. Loaded Objects now: 5612.
Total: 8.172300 ms (FindLiveObjects: 0.525600 ms CreateObjectMapping: 0.509900 ms MarkObjects: 7.014200 ms  DeleteObjects: 0.121100 ms)

AssetImportParameters requested are different than current active one (requested -> active):
  custom:framework-win-MediaFoundation: 216162199b28c13a410421893ffa2e32 -> 
  custom:video-decoder-ogg-theora: a1e56fd34408186e4bbccfd4996cb3dc -> 
  custom:container-muxer-webm: aa71ff27fc2769a1b78a27578f13a17b -> 
  custom:container-demuxer-webm: 4f35f7cbe854078d1ac9338744f61a02 -> 
  custom:container-demuxer-ogg: 62fdf1f143b41e24485cea50d1cbac27 -> 
  custom:video-encoder-webm-vp8: eb34c28f22e8b96e1ab97ce403110664 -> 
  custom:video-codec-MediaFoundation-h265: 746d11721c4dcdbdad8f713fa42b33f4 -> 
  custom:video-decoder-webm-vp8: 9c59270c3fd7afecdb556c50c9e8de78 -> 
  custom:audio-decoder-ogg-vorbis: bf7c407c2cedff20999df2af8eb42d56 -> 
  custom:audio-encoder-webm-vorbis: bf7c407c2cedff20999df2af8eb42d56 -> 
========================================================================
Received Import Request.
  Time since last request: 615.058313 seconds.
  path: Assets/FPS Kit/FPS/Tutorials/BotIcon.png
  artifactKey: Guid(f6b78880543bf4e91bd85801abd1ab8d) Importer(815301076,1909f56bfc062723c751e8b465ee728b)
Start importing Assets/FPS Kit/FPS/Tutorials/BotIcon.png using Guid(f6b78880543bf4e91bd85801abd1ab8d) Importer(815301076,1909f56bfc062723c751e8b465ee728b)  -> (artifact id: 'ed92eb4eece56206ea66305cd7d74ca7') in 0.047488 seconds 
========================================================================
Received Import Request.
  Time since last request: 0.000260 seconds.
  path: Assets/FPS Kit/FPS/Tutorials/SuperchargeYourGame.png
  artifactKey: Guid(afa0a481d34b02945a505bd18c45ee44) Importer(815301076,1909f56bfc062723c751e8b465ee728b)
Start importing Assets/FPS Kit/FPS/Tutorials/SuperchargeYourGame.png using Guid(afa0a481d34b02945a505bd18c45ee44) Importer(815301076,1909f56bfc062723c751e8b465ee728b)  -> (artifact id: '28f9cee9ee9575af37a41cc9887a2335') in 0.012394 seconds 
========================================================================
Received Import Request.
  Time since last request: 0.000300 seconds.
  path: Assets/FPS Kit/FPS/Tutorials/Tutorial Project Settings.asset
  artifactKey: Guid(82ccda3adf0ba49e1ba86e30edff0cc5) Importer(815301076,1909f56bfc062723c751e8b465ee728b)
Start importing Assets/FPS Kit/FPS/Tutorials/Tutorial Project Settings.asset using Guid(82ccda3adf0ba49e1ba86e30edff0cc5) Importer(815301076,1909f56bfc062723c751e8b465ee728b)  -> (artifact id: '0b2e2016e731aa718b328a0e4e3e1825') in 0.028916 seconds 
========================================================================
Received Import Request.
  Time since last request: 0.000305 seconds.
  path: Assets/FPS Kit/FPS/Tutorials/TutorialHeader.png
  artifactKey: Guid(5384282a0273144fa9333beb77183cb4) Importer(815301076,1909f56bfc062723c751e8b465ee728b)
Start importing Assets/FPS Kit/FPS/Tutorials/TutorialHeader.png using Guid(5384282a0273144fa9333beb77183cb4) Importer(815301076,1909f56bfc062723c751e8b465ee728b)  -> (artifact id: '5ba01e78426dfa6c3fc994b840aabeb9') in 0.014875 seconds 
========================================================================
Received Import Request.
  Time since last request: 0.000226 seconds.
  path: Assets/FPS Kit/FPS/Tutorials/Pop.aiff
  artifactKey: Guid(93fbb109633e844259ea828442bda0cb) Importer(815301076,1909f56bfc062723c751e8b465ee728b)
Start importing Assets/FPS Kit/FPS/Tutorials/Pop.aiff using Guid(93fbb109633e844259ea828442bda0cb) Importer(815301076,1909f56bfc062723c751e8b465ee728b)  -> (artifact id: 'c03ec0ed810cd479db2b2d43cf5025eb') in 0.040218 seconds 
========================================================================
Received Import Request.
  Time since last request: 0.000266 seconds.
  path: Assets/FPS Kit/FPS/Tutorials/FPSIcon.png
  artifactKey: Guid(82868597b55b3409093b4fe79d24b26c) Importer(815301076,1909f56bfc062723c751e8b465ee728b)
Start importing Assets/FPS Kit/FPS/Tutorials/FPSIcon.png using Guid(82868597b55b3409093b4fe79d24b26c) Importer(815301076,1909f56bfc062723c751e8b465ee728b)  -> (artifact id: '1f014bf22919319bc54214e8d73f2c78') in 0.011269 seconds 
========================================================================
Received Import Request.
  Time since last request: 0.000307 seconds.
  path: Assets/FPS Kit/FPS/Tutorials/DialogHeader_FPS.png
  artifactKey: Guid(6e279173c7e6446bfbf2744726e35598) Importer(815301076,1909f56bfc062723c751e8b465ee728b)
Start importing Assets/FPS Kit/FPS/Tutorials/DialogHeader_FPS.png using Guid(6e279173c7e6446bfbf2744726e35598) Importer(815301076,1909f56bfc062723c751e8b465ee728b)  -> (artifact id: 'd0acde69664cd751c3d3338148b51120') in 0.021953 seconds 
========================================================================
Received Import Request.
  Time since last request: 0.000230 seconds.
  path: Assets/FPS Kit/FPS/Tutorials/import-asset@2x.png
  artifactKey: Guid(4db00f0358d194313a877344f4ba535c) Importer(815301076,1909f56bfc062723c751e8b465ee728b)
Start importing Assets/FPS Kit/FPS/Tutorials/import-asset@2x.png using Guid(4db00f0358d194313a877344f4ba535c) Importer(815301076,1909f56bfc062723c751e8b465ee728b)  -> (artifact id: 'eb0dda1dff0637ef5090602a9c37bcb6') in 0.011116 seconds 
========================================================================
Received Import Request.
  Time since last request: 0.000238 seconds.
  path: Assets/FPS Kit/FPS/Tutorials/Tutorials.asset
  artifactKey: Guid(977fb762f450240fd9006b8153a0f534) Importer(815301076,1909f56bfc062723c751e8b465ee728b)
Start importing Assets/FPS Kit/FPS/Tutorials/Tutorials.asset using Guid(977fb762f450240fd9006b8153a0f534) Importer(815301076,1909f56bfc062723c751e8b465ee728b)  -> (artifact id: '1111074d179b58ab3907b5f42f30249d') in 0.234983 seconds 
========================================================================
Received Import Request.
  Time since last request: 0.000270 seconds.
  path: Assets/FPS Kit/FPS/Tutorials/WelcomeDialog.asset
  artifactKey: Guid(c4fddd74b608848c6871b3b0f762ff1d) Importer(815301076,1909f56bfc062723c751e8b465ee728b)
Start importing Assets/FPS Kit/FPS/Tutorials/WelcomeDialog.asset using Guid(c4fddd74b608848c6871b3b0f762ff1d) Importer(815301076,1909f56bfc062723c751e8b465ee728b)  -> (artifact id: 'f52b80f955f07c699194f5664f3c7661') in 0.006603 seconds 
========================================================================
Received Import Request.
  Time since last request: 0.000290 seconds.
  path: Assets/FPS Kit/FPS/Tutorials/TutorialCallbacks.asset
  artifactKey: Guid(98457f12a6e8529488d624978bbbf3eb) Importer(815301076,1909f56bfc062723c751e8b465ee728b)
Start importing Assets/FPS Kit/FPS/Tutorials/TutorialCallbacks.asset using Guid(98457f12a6e8529488d624978bbbf3eb) Importer(815301076,1909f56bfc062723c751e8b465ee728b)  -> (artifact id: '233bcaf8eb018467216fb9ae7128d9b5') in 0.033410 seconds 
========================================================================
Received Import Request.
  Time since last request: 0.000232 seconds.
  path: Assets/FPS Kit/FPS/Tutorials/Unity.FPS.Tutorials.asmdef
  artifactKey: Guid(54b90cb525cf7fd4b8440dd760d63ac4) Importer(815301076,1909f56bfc062723c751e8b465ee728b)
Start importing Assets/FPS Kit/FPS/Tutorials/Unity.FPS.Tutorials.asmdef using Guid(54b90cb525cf7fd4b8440dd760d63ac4) Importer(815301076,1909f56bfc062723c751e8b465ee728b)  -> (artifact id: '5935ea45b4b37a217823e60df4a50197') in 0.007561 seconds 
========================================================================
Received Import Request.
  Time since last request: 8.944580 seconds.
  path: Assets/Cartoon Temple Building Kit/Prefabs/Decorative Prefabs/Misc/Torch.prefab
  artifactKey: Guid(a78bc141566400c40a7a5d69f9f1439b) Importer(815301076,1909f56bfc062723c751e8b465ee728b)
Start importing Assets/Cartoon Temple Building Kit/Prefabs/Decorative Prefabs/Misc/Torch.prefab using Guid(a78bc141566400c40a7a5d69f9f1439b) Importer(815301076,1909f56bfc062723c751e8b465ee728b)  -> (artifact id: 'e9e09dfaa891892da466de4f347e8a38') in 0.139402 seconds 
========================================================================
Received Import Request.
  Time since last request: 112.866232 seconds.
  path: Assets/Cartoon Temple Building Kit/Prefabs/Decorative Prefabs/Misc/Lantern With Orb (2).prefab
  artifactKey: Guid(c27b68bc7e30da24b8c701f768589b67) Importer(815301076,1909f56bfc062723c751e8b465ee728b)
Start importing Assets/Cartoon Temple Building Kit/Prefabs/Decorative Prefabs/Misc/Lantern With Orb (2).prefab using Guid(c27b68bc7e30da24b8c701f768589b67) Importer(815301076,1909f56bfc062723c751e8b465ee728b)  -> (artifact id: 'a3f23434cb209b9ec6347d471381f7e4') in 0.018905 seconds 
========================================================================
Received Import Request.
  Time since last request: 290.093339 seconds.
  path: Assets/Cartoon Temple Building Kit/Prefabs/Decorative Prefabs/Idol/Idol 6.prefab
  artifactKey: Guid(422535b6a130b0743bc1ca47febfd435) Importer(815301076,1909f56bfc062723c751e8b465ee728b)
Start importing Assets/Cartoon Temple Building Kit/Prefabs/Decorative Prefabs/Idol/Idol 6.prefab using Guid(422535b6a130b0743bc1ca47febfd435) Importer(815301076,1909f56bfc062723c751e8b465ee728b)  -> (artifact id: '54f086e50c769cf78fe9cfcb1b19bc5c') in 0.020868 seconds 
========================================================================
Received Prepare
Registering precompiled user dll's ...
Registered in 0.009127 seconds.
Begin MonoManager ReloadAssembly
Symbol file LoadedFromMemory doesn't match image C:\Users\sschn\OneDrive\Documents\GitHub\BloodGame\Practicle-Scripting\Library\PackageCache\com.unity.visualscripting@1.6.1\Editor\VisualScripting.Core\Dependencies\YamlDotNet\Unity.VisualScripting.YamlDotNet.dll
Symbol file LoadedFromMemory doesn't match image C:\Users\sschn\OneDrive\Documents\GitHub\BloodGame\Practicle-Scripting\Library\PackageCache\com.unity.visualscripting@1.6.1\Editor\VisualScripting.Core\Dependencies\DotNetZip\Unity.VisualScripting.IonicZip.dll
Native extension for WindowsStandalone target not found
Refreshing native plugins compatible for Editor in 1.19 ms, found 3 plugins.
Preloading 0 native plugins for Editor in 0.00 ms.
Warning: Annotation not found!
UnityEngine.StackTraceUtility:ExtractStackTrace ()
UnityEditor.ProBuilder.EditorUtility:SetGizmoIconEnabled (System.Type,bool) (at Library/PackageCache/com.unity.probuilder@5.0.3/Editor/EditorCore/EditorUtility.cs:575)
UnityEditor.ProBuilder.HierarchyListener:.cctor () (at Library/PackageCache/com.unity.probuilder@5.0.3/Editor/EditorCore/HierarchyListener.cs:21)
System.Runtime.CompilerServices.RuntimeHelpers:RunClassConstructor (System.RuntimeTypeHandle)
UnityEditor.EditorAssemblies:ProcessInitializeOnLoadAttributes (System.Type[])

[Library/PackageCache/com.unity.probuilder@5.0.3/Editor/EditorCore/EditorUtility.cs line 575]

Mono: successfully reloaded assembly
- Completed reload, in  1.646 seconds
Domain Reload Profiling:
	ReloadAssembly (1646ms)
		BeginReloadAssembly (167ms)
			ExecutionOrderSort (0ms)
			DisableScriptedObjects (9ms)
			BackupInstance (0ms)
			ReleaseScriptingObjects (0ms)
			CreateAndSetChildDomain (58ms)
		EndReloadAssembly (1404ms)
			LoadAssemblies (136ms)
			RebuildTransferFunctionScriptingTraits (0ms)
			SetupTypeCache (492ms)
			ReleaseScriptCaches (2ms)
			RebuildScriptCaches (60ms)
			SetupLoadedEditorAssemblies (533ms)
				LogAssemblyErrors (0ms)
				InitializePlatformSupportModulesInManaged (5ms)
				SetLoadedEditorAssemblies (0ms)
				RefreshPlugins (1ms)
				BeforeProcessingInitializeOnLoad (99ms)
				ProcessInitializeOnLoadAttributes (413ms)
				ProcessInitializeOnLoadMethodAttributes (6ms)
				AfterProcessingInitializeOnLoad (8ms)
				EditorAssembliesLoaded (0ms)
			ExecutionOrderSort2 (0ms)
			AwakeInstancesAfterBackupRestoration (25ms)
Platform modules already initialized, skipping
Refreshing native plugins compatible for Editor in 1.08 ms, found 3 plugins.
Preloading 0 native plugins for Editor in 0.00 ms.
Unloading 4822 Unused Serialized files (Serialized files now loaded: 0)
System memory in use before: 211.8 MB.
System memory in use after: 212.2 MB.

Unloading 22 unused Assets to reduce memory usage. Loaded Objects now: 5744.
Total: 4.768800 ms (FindLiveObjects: 0.390900 ms CreateObjectMapping: 0.291800 ms MarkObjects: 4.004400 ms  DeleteObjects: 0.080700 ms)

AssetImportParameters requested are different than current active one (requested -> active):
  custom:framework-win-MediaFoundation: 216162199b28c13a410421893ffa2e32 -> 
  custom:video-decoder-ogg-theora: a1e56fd34408186e4bbccfd4996cb3dc -> 
  custom:container-muxer-webm: aa71ff27fc2769a1b78a27578f13a17b -> 
  custom:container-demuxer-webm: 4f35f7cbe854078d1ac9338744f61a02 -> 
  custom:container-demuxer-ogg: 62fdf1f143b41e24485cea50d1cbac27 -> 
  custom:video-encoder-webm-vp8: eb34c28f22e8b96e1ab97ce403110664 -> 
  custom:video-codec-MediaFoundation-h265: 746d11721c4dcdbdad8f713fa42b33f4 -> 
  custom:video-decoder-webm-vp8: 9c59270c3fd7afecdb556c50c9e8de78 -> 
  custom:audio-decoder-ogg-vorbis: bf7c407c2cedff20999df2af8eb42d56 -> 
  custom:audio-encoder-webm-vorbis: bf7c407c2cedff20999df2af8eb42d56 -> 
========================================================================
Received Prepare
Registering precompiled user dll's ...
Registered in 0.006944 seconds.
Begin MonoManager ReloadAssembly
Symbol file LoadedFromMemory doesn't match image C:\Users\sschn\OneDrive\Documents\GitHub\BloodGame\Practicle-Scripting\Library\PackageCache\com.unity.visualscripting@1.6.1\Editor\VisualScripting.Core\Dependencies\YamlDotNet\Unity.VisualScripting.YamlDotNet.dll
Symbol file LoadedFromMemory doesn't match image C:\Users\sschn\OneDrive\Documents\GitHub\BloodGame\Practicle-Scripting\Library\PackageCache\com.unity.visualscripting@1.6.1\Editor\VisualScripting.Core\Dependencies\DotNetZip\Unity.VisualScripting.IonicZip.dll
Native extension for WindowsStandalone target not found
Refreshing native plugins compatible for Editor in 1.00 ms, found 3 plugins.
Preloading 0 native plugins for Editor in 0.00 ms.
Warning: Annotation not found!
UnityEngine.StackTraceUtility:ExtractStackTrace ()
UnityEditor.ProBuilder.EditorUtility:SetGizmoIconEnabled (System.Type,bool) (at Library/PackageCache/com.unity.probuilder@5.0.3/Editor/EditorCore/EditorUtility.cs:575)
UnityEditor.ProBuilder.HierarchyListener:.cctor () (at Library/PackageCache/com.unity.probuilder@5.0.3/Editor/EditorCore/HierarchyListener.cs:21)
System.Runtime.CompilerServices.RuntimeHelpers:RunClassConstructor (System.RuntimeTypeHandle)
UnityEditor.EditorAssemblies:ProcessInitializeOnLoadAttributes (System.Type[])

[Library/PackageCache/com.unity.probuilder@5.0.3/Editor/EditorCore/EditorUtility.cs line 575]

Mono: successfully reloaded assembly
- Completed reload, in  1.312 seconds
Domain Reload Profiling:
	ReloadAssembly (1313ms)
		BeginReloadAssembly (131ms)
			ExecutionOrderSort (0ms)
			DisableScriptedObjects (7ms)
			BackupInstance (0ms)
			ReleaseScriptingObjects (0ms)
			CreateAndSetChildDomain (41ms)
		EndReloadAssembly (1119ms)
			LoadAssemblies (109ms)
			RebuildTransferFunctionScriptingTraits (0ms)
			SetupTypeCache (393ms)
			ReleaseScriptCaches (2ms)
			RebuildScriptCaches (48ms)
			SetupLoadedEditorAssemblies (425ms)
				LogAssemblyErrors (0ms)
				InitializePlatformSupportModulesInManaged (5ms)
				SetLoadedEditorAssemblies (0ms)
				RefreshPlugins (1ms)
				BeforeProcessingInitializeOnLoad (84ms)
				ProcessInitializeOnLoadAttributes (323ms)
				ProcessInitializeOnLoadMethodAttributes (5ms)
				AfterProcessingInitializeOnLoad (7ms)
				EditorAssembliesLoaded (0ms)
			ExecutionOrderSort2 (0ms)
			AwakeInstancesAfterBackupRestoration (19ms)
Platform modules already initialized, skipping
Refreshing native plugins compatible for Editor in 0.96 ms, found 3 plugins.
Preloading 0 native plugins for Editor in 0.00 ms.
Unloading 4816 Unused Serialized files (Serialized files now loaded: 0)
System memory in use before: 211.4 MB.
System memory in use after: 211.8 MB.

Unloading 22 unused Assets to reduce memory usage. Loaded Objects now: 5746.
Total: 5.040400 ms (FindLiveObjects: 0.424000 ms CreateObjectMapping: 0.261400 ms MarkObjects: 4.260000 ms  DeleteObjects: 0.093800 ms)

AssetImportParameters requested are different than current active one (requested -> active):
  custom:framework-win-MediaFoundation: 216162199b28c13a410421893ffa2e32 -> 
  custom:video-decoder-ogg-theora: a1e56fd34408186e4bbccfd4996cb3dc -> 
  custom:container-muxer-webm: aa71ff27fc2769a1b78a27578f13a17b -> 
  custom:container-demuxer-webm: 4f35f7cbe854078d1ac9338744f61a02 -> 
  custom:container-demuxer-ogg: 62fdf1f143b41e24485cea50d1cbac27 -> 
  custom:video-encoder-webm-vp8: eb34c28f22e8b96e1ab97ce403110664 -> 
  custom:video-codec-MediaFoundation-h265: 746d11721c4dcdbdad8f713fa42b33f4 -> 
  custom:video-decoder-webm-vp8: 9c59270c3fd7afecdb556c50c9e8de78 -> 
  custom:audio-decoder-ogg-vorbis: bf7c407c2cedff20999df2af8eb42d56 -> 
  custom:audio-encoder-webm-vorbis: bf7c407c2cedff20999df2af8eb42d56 -> 
========================================================================
Received Import Request.
  Time since last request: 1916.688208 seconds.
  path: Assets/greyRoadStudio/LowPolyTreePack
  artifactKey: Guid(86fd7d7a59296ae49a3d3a7852c6f952) Importer(815301076,1909f56bfc062723c751e8b465ee728b)
Start importing Assets/greyRoadStudio/LowPolyTreePack using Guid(86fd7d7a59296ae49a3d3a7852c6f952) Importer(815301076,1909f56bfc062723c751e8b465ee728b)  -> (artifact id: '79efdd76e3b07acfea17b01a2cfb83ad') in 0.013811 seconds 
========================================================================
Received Import Request.
  Time since last request: 2.893251 seconds.
  path: Assets/greyRoadStudio/LowPolyTreePack/Prefabs
  artifactKey: Guid(3a86b0cc5468f0b4db21353307b9724e) Importer(815301076,1909f56bfc062723c751e8b465ee728b)
Start importing Assets/greyRoadStudio/LowPolyTreePack/Prefabs using Guid(3a86b0cc5468f0b4db21353307b9724e) Importer(815301076,1909f56bfc062723c751e8b465ee728b)  -> (artifact id: 'd058d037e4f53f63b222fed7ea9fa649') in 0.006775 seconds 
========================================================================
Received Import Request.
  Time since last request: 0.035911 seconds.
  path: Assets/greyRoadStudio/LowPolyTreePack/Prefabs/birchTree.prefab
  artifactKey: Guid(e6f343cc46467004f811ce2ba3a3841b) Importer(815301076,1909f56bfc062723c751e8b465ee728b)
Start importing Assets/greyRoadStudio/LowPolyTreePack/Prefabs/birchTree.prefab using Guid(e6f343cc46467004f811ce2ba3a3841b) Importer(815301076,1909f56bfc062723c751e8b465ee728b)  -> (artifact id: '84d5a694ea1135854306aed808e91104') in 0.151285 seconds 
========================================================================
Received Import Request.
  Time since last request: 0.000288 seconds.
  path: Assets/greyRoadStudio/LowPolyTreePack/Prefabs/rockGroup01.prefab
  artifactKey: Guid(10dcade9ef34ab642846c4b889ac76e7) Importer(815301076,1909f56bfc062723c751e8b465ee728b)
Start importing Assets/greyRoadStudio/LowPolyTreePack/Prefabs/rockGroup01.prefab using Guid(10dcade9ef34ab642846c4b889ac76e7) Importer(815301076,1909f56bfc062723c751e8b465ee728b)  -> (artifact id: 'bd36984ebaf68851f9a0ab815ccd3791') in 0.011660 seconds 
========================================================================
Received Import Request.
  Time since last request: 0.000271 seconds.
  path: Assets/greyRoadStudio/LowPolyTreePack/Prefabs/rock03.prefab
  artifactKey: Guid(f16d978b3d1fa984d82c01d30a1fb40a) Importer(815301076,1909f56bfc062723c751e8b465ee728b)
Start importing Assets/greyRoadStudio/LowPolyTreePack/Prefabs/rock03.prefab using Guid(f16d978b3d1fa984d82c01d30a1fb40a) Importer(815301076,1909f56bfc062723c751e8b465ee728b)  -> (artifact id: 'ef7ce9eb593233a1c3aeeb329d4ef018') in 0.011470 seconds 
========================================================================
Received Import Request.
  Time since last request: 0.000235 seconds.
  path: Assets/greyRoadStudio/LowPolyTreePack/Prefabs/rockGroup02.prefab
  artifactKey: Guid(8d8b11b2e2435cc4787335555d35714f) Importer(815301076,1909f56bfc062723c751e8b465ee728b)
Start importing Assets/greyRoadStudio/LowPolyTreePack/Prefabs/rockGroup02.prefab using Guid(8d8b11b2e2435cc4787335555d35714f) Importer(815301076,1909f56bfc062723c751e8b465ee728b)  -> (artifact id: 'dd2d4414cf231d3bdb9b756da7bd1d1b') in 0.014006 seconds 
========================================================================
Received Import Request.
  Time since last request: 0.000285 seconds.
  path: Assets/greyRoadStudio/LowPolyTreePack/Prefabs/pineTree02.prefab
  artifactKey: Guid(a1dee65b7ef7c344a97ff258503f49e7) Importer(815301076,1909f56bfc062723c751e8b465ee728b)
Start importing Assets/greyRoadStudio/LowPolyTreePack/Prefabs/pineTree02.prefab using Guid(a1dee65b7ef7c344a97ff258503f49e7) Importer(815301076,1909f56bfc062723c751e8b465ee728b)  -> (artifact id: '646943c08fbee542e6113ac406165e3b') in 0.012557 seconds 
========================================================================
Received Import Request.
  Time since last request: 0.000231 seconds.
  path: Assets/greyRoadStudio/LowPolyTreePack/Prefabs/oakTree_leafless.prefab
  artifactKey: Guid(3b703535d10b66844a909b8cd4b12fc5) Importer(815301076,1909f56bfc062723c751e8b465ee728b)
Start importing Assets/greyRoadStudio/LowPolyTreePack/Prefabs/oakTree_leafless.prefab using Guid(3b703535d10b66844a909b8cd4b12fc5) Importer(815301076,1909f56bfc062723c751e8b465ee728b)  -> (artifact id: '717ac75b405042e72de898b5d32534a3') in 0.012766 seconds 
========================================================================
Received Import Request.
  Time since last request: 0.000234 seconds.
  path: Assets/greyRoadStudio/LowPolyTreePack/Prefabs/oakTree.prefab
  artifactKey: Guid(b9eb627f7bb4c1748829f3f01ce72b68) Importer(815301076,1909f56bfc062723c751e8b465ee728b)
Start importing Assets/greyRoadStudio/LowPolyTreePack/Prefabs/oakTree.prefab using Guid(b9eb627f7bb4c1748829f3f01ce72b68) Importer(815301076,1909f56bfc062723c751e8b465ee728b)  -> (artifact id: '9a703cf79aed57bfa4ec60b30b41589b') in 0.011812 seconds 
========================================================================
Received Import Request.
  Time since last request: 0.000222 seconds.
  path: Assets/greyRoadStudio/LowPolyTreePack/Prefabs/pineTree05.prefab
  artifactKey: Guid(abf04ed981f9b0e4daef0f76c3c9fc7c) Importer(815301076,1909f56bfc062723c751e8b465ee728b)
Start importing Assets/greyRoadStudio/LowPolyTreePack/Prefabs/pineTree05.prefab using Guid(abf04ed981f9b0e4daef0f76c3c9fc7c) Importer(815301076,1909f56bfc062723c751e8b465ee728b)  -> (artifact id: 'c162d1d38643d5964b83d34cdd625b6a') in 0.011328 seconds 
========================================================================
Received Import Request.
  Time since last request: 0.000276 seconds.
  path: Assets/greyRoadStudio/LowPolyTreePack/Prefabs/tree.prefab
  artifactKey: Guid(23f312332b5cd5542ba196450880e89b) Importer(815301076,1909f56bfc062723c751e8b465ee728b)
Start importing Assets/greyRoadStudio/LowPolyTreePack/Prefabs/tree.prefab using Guid(23f312332b5cd5542ba196450880e89b) Importer(815301076,1909f56bfc062723c751e8b465ee728b)  -> (artifact id: '8732a964d33ab0a36296dd0f4b64f890') in 0.013845 seconds 
========================================================================
Received Import Request.
  Time since last request: 0.000177 seconds.
  path: Assets/greyRoadStudio/LowPolyTreePack/Prefabs/rockGroup03.prefab
  artifactKey: Guid(88cc729ed2bce0b458f679b575dab345) Importer(815301076,1909f56bfc062723c751e8b465ee728b)
Start importing Assets/greyRoadStudio/LowPolyTreePack/Prefabs/rockGroup03.prefab using Guid(88cc729ed2bce0b458f679b575dab345) Importer(815301076,1909f56bfc062723c751e8b465ee728b)  -> (artifact id: 'c988a7b41c46fdce126ce0b31c6f0110') in 0.011981 seconds 
========================================================================
Received Import Request.
  Time since last request: 0.000208 seconds.
  path: Assets/greyRoadStudio/LowPolyTreePack/Prefabs/rock01.prefab
  artifactKey: Guid(b3d0e1c692a75b34d96fb84c9b431b64) Importer(815301076,1909f56bfc062723c751e8b465ee728b)
Start importing Assets/greyRoadStudio/LowPolyTreePack/Prefabs/rock01.prefab using Guid(b3d0e1c692a75b34d96fb84c9b431b64) Importer(815301076,1909f56bfc062723c751e8b465ee728b)  -> (artifact id: '4f6fdf698aed88f535e5d65f9cef7b9b') in 0.011373 seconds 
========================================================================
Received Import Request.
  Time since last request: 0.000184 seconds.
  path: Assets/greyRoadStudio/LowPolyTreePack/Prefabs/pineTree03.prefab
  artifactKey: Guid(e191e21fcb275784a9f8b6d08dcd932c) Importer(815301076,1909f56bfc062723c751e8b465ee728b)
Start importing Assets/greyRoadStudio/LowPolyTreePack/Prefabs/pineTree03.prefab using Guid(e191e21fcb275784a9f8b6d08dcd932c) Importer(815301076,1909f56bfc062723c751e8b465ee728b)  -> (artifact id: '0489536c581f1365da9b8b004c43f9e0') in 0.011367 seconds 
========================================================================
Received Import Request.
  Time since last request: 0.000210 seconds.
  path: Assets/greyRoadStudio/LowPolyTreePack/Prefabs/tree_leafless.prefab
  artifactKey: Guid(ba2b67dbc790eb74f8a401c592dd619f) Importer(815301076,1909f56bfc062723c751e8b465ee728b)
Start importing Assets/greyRoadStudio/LowPolyTreePack/Prefabs/tree_leafless.prefab using Guid(ba2b67dbc790eb74f8a401c592dd619f) Importer(815301076,1909f56bfc062723c751e8b465ee728b)  -> (artifact id: 'b6965225700a7f49f03231ca3f269fcf') in 0.011193 seconds 
========================================================================
Received Import Request.
  Time since last request: 0.000266 seconds.
  path: Assets/greyRoadStudio/LowPolyTreePack/Prefabs/mountain.prefab
  artifactKey: Guid(81f51ec42d5c7784aa8e8d5298eddaa0) Importer(815301076,1909f56bfc062723c751e8b465ee728b)
Start importing Assets/greyRoadStudio/LowPolyTreePack/Prefabs/mountain.prefab using Guid(81f51ec42d5c7784aa8e8d5298eddaa0) Importer(815301076,1909f56bfc062723c751e8b465ee728b)  -> (artifact id: 'd2ad2c2270034f61c40ef079bff97b57') in 0.012035 seconds 
========================================================================
Received Import Request.
  Time since last request: 0.000208 seconds.
  path: Assets/greyRoadStudio/LowPolyTreePack/Prefabs/pineTree04.prefab
  artifactKey: Guid(db15def326817084cb719e1c5f999b99) Importer(815301076,1909f56bfc062723c751e8b465ee728b)
Start importing Assets/greyRoadStudio/LowPolyTreePack/Prefabs/pineTree04.prefab using Guid(db15def326817084cb719e1c5f999b99) Importer(815301076,1909f56bfc062723c751e8b465ee728b)  -> (artifact id: '0aa1edb206977e3df984dcc69d05d4f2') in 0.012058 seconds 
========================================================================
Received Import Request.
  Time since last request: 0.000340 seconds.
  path: Assets/greyRoadStudio/LowPolyTreePack/Prefabs/birchTree_leafless.prefab
  artifactKey: Guid(be44d0243648ece459799ac0d5d4a2a6) Importer(815301076,1909f56bfc062723c751e8b465ee728b)
Start importing Assets/greyRoadStudio/LowPolyTreePack/Prefabs/birchTree_leafless.prefab using Guid(be44d0243648ece459799ac0d5d4a2a6) Importer(815301076,1909f56bfc062723c751e8b465ee728b)  -> (artifact id: '443b66218f353693fce93c6519b0e454') in 0.011543 seconds 
========================================================================
Received Import Request.
  Time since last request: 0.000176 seconds.
  path: Assets/greyRoadStudio/LowPolyTreePack/Prefabs/treeStump.prefab
  artifactKey: Guid(c0aa33e678586aa43a1a9254fdfdfb4d) Importer(815301076,1909f56bfc062723c751e8b465ee728b)
Start importing Assets/greyRoadStudio/LowPolyTreePack/Prefabs/treeStump.prefab using Guid(c0aa33e678586aa43a1a9254fdfdfb4d) Importer(815301076,1909f56bfc062723c751e8b465ee728b)  -> (artifact id: '0bc1f86ffd7fd4453bfeb0f10ab2bc13') in 0.011728 seconds 
========================================================================
Received Import Request.
  Time since last request: 0.000237 seconds.
  path: Assets/greyRoadStudio/LowPolyTreePack/Prefabs/rock02.prefab
  artifactKey: Guid(f76595434879f634c8b88f3cc4f08b2c) Importer(815301076,1909f56bfc062723c751e8b465ee728b)
Start importing Assets/greyRoadStudio/LowPolyTreePack/Prefabs/rock02.prefab using Guid(f76595434879f634c8b88f3cc4f08b2c) Importer(815301076,1909f56bfc062723c751e8b465ee728b)  -> (artifact id: '14c1bd085ee9dcc0f98ab708eace27a8') in 0.023446 seconds 
========================================================================
Received Import Request.
  Time since last request: 0.000210 seconds.
  path: Assets/greyRoadStudio/LowPolyTreePack/Prefabs/pineTree.prefab
  artifactKey: Guid(3e07483cd9aa6a141bb9c8e2d2c2bdad) Importer(815301076,1909f56bfc062723c751e8b465ee728b)
Start importing Assets/greyRoadStudio/LowPolyTreePack/Prefabs/pineTree.prefab using Guid(3e07483cd9aa6a141bb9c8e2d2c2bdad) Importer(815301076,1909f56bfc062723c751e8b465ee728b)  -> (artifact id: '971f27f2f372f17c2810847f78f1dbb7') in 0.013017 seconds 
========================================================================
Received Import Request.
  Time since last request: 3.764616 seconds.
  path: Assets/greyRoadStudio/LowPolyTreePack/Materials
  artifactKey: Guid(924b642ad1362f343aaa58fd97a526bc) Importer(815301076,1909f56bfc062723c751e8b465ee728b)
Start importing Assets/greyRoadStudio/LowPolyTreePack/Materials using Guid(924b642ad1362f343aaa58fd97a526bc) Importer(815301076,1909f56bfc062723c751e8b465ee728b)  -> (artifact id: 'ab2873c2d93f192d01ed2edc3cf4ca63') in 0.006380 seconds 
========================================================================
Received Import Request.
  Time since last request: 0.042152 seconds.
  path: Assets/greyRoadStudio/LowPolyTreePack/Materials/Mat_BirchLeaves.mat
  artifactKey: Guid(6abd4c725e0d6694488c7e592678f08c) Importer(815301076,1909f56bfc062723c751e8b465ee728b)
Start importing Assets/greyRoadStudio/LowPolyTreePack/Materials/Mat_BirchLeaves.mat using Guid(6abd4c725e0d6694488c7e592678f08c) Importer(815301076,1909f56bfc062723c751e8b465ee728b)  -> (artifact id: 'c50ccd64badb731b7ba92337eb1b2d86') in 0.019947 seconds 
========================================================================
Received Import Request.
  Time since last request: 0.000295 seconds.
  path: Assets/greyRoadStudio/LowPolyTreePack/Materials/Mat_Mountain.mat
  artifactKey: Guid(8cb2a50bb8c345148858a2fa284dee09) Importer(815301076,1909f56bfc062723c751e8b465ee728b)
Start importing Assets/greyRoadStudio/LowPolyTreePack/Materials/Mat_Mountain.mat using Guid(8cb2a50bb8c345148858a2fa284dee09) Importer(815301076,1909f56bfc062723c751e8b465ee728b)  -> (artifact id: '1c724092b708e07af15016ed57839750') in 0.009965 seconds 
========================================================================
Received Import Request.
  Time since last request: 0.000267 seconds.
  path: Assets/greyRoadStudio/LowPolyTreePack/Materials/Mat_PineTrunk.mat
  artifactKey: Guid(53c38d3492f12ff48b99b74a4f501353) Importer(815301076,1909f56bfc062723c751e8b465ee728b)
Start importing Assets/greyRoadStudio/LowPolyTreePack/Materials/Mat_PineTrunk.mat using Guid(53c38d3492f12ff48b99b74a4f501353) Importer(815301076,1909f56bfc062723c751e8b465ee728b)  -> (artifact id: 'dfef82416f656e5c9192e0d95700e618') in 0.010609 seconds 
========================================================================
Received Import Request.
  Time since last request: 0.000277 seconds.
  path: Assets/greyRoadStudio/LowPolyTreePack/Materials/Mat_Leaves.mat
  artifactKey: Guid(0f257ccd9100f3a4e9411de677db4f82) Importer(815301076,1909f56bfc062723c751e8b465ee728b)
Start importing Assets/greyRoadStudio/LowPolyTreePack/Materials/Mat_Leaves.mat using Guid(0f257ccd9100f3a4e9411de677db4f82) Importer(815301076,1909f56bfc062723c751e8b465ee728b)  -> (artifact id: '14c14bd7f60f38e75f6273d711170b4e') in 0.019344 seconds 
========================================================================
Received Import Request.
  Time since last request: 0.000246 seconds.
  path: Assets/greyRoadStudio/LowPolyTreePack/Materials/Mat_Rock02.mat
  artifactKey: Guid(0605d676e185391419db61f0d07c257d) Importer(815301076,1909f56bfc062723c751e8b465ee728b)
Start importing Assets/greyRoadStudio/LowPolyTreePack/Materials/Mat_Rock02.mat using Guid(0605d676e185391419db61f0d07c257d) Importer(815301076,1909f56bfc062723c751e8b465ee728b)  -> (artifact id: '89c10b4dd0ba4c89a672895f85edac12') in 0.009947 seconds 
========================================================================
Received Import Request.
  Time since last request: 0.000265 seconds.
  path: Assets/greyRoadStudio/LowPolyTreePack/Materials/Mat_StumpBark.mat
  artifactKey: Guid(924a3979b6c622c40a8c60f66f00be26) Importer(815301076,1909f56bfc062723c751e8b465ee728b)
Start importing Assets/greyRoadStudio/LowPolyTreePack/Materials/Mat_StumpBark.mat using Guid(924a3979b6c622c40a8c60f66f00be26) Importer(815301076,1909f56bfc062723c751e8b465ee728b)  -> (artifact id: '815af9cfe26945f40306a3502d7220b2') in 0.010422 seconds 
========================================================================
Received Import Request.
  Time since last request: 0.000305 seconds.
  path: Assets/greyRoadStudio/LowPolyTreePack/Materials/Mat_OakTreeTrunk.mat
  artifactKey: Guid(d07f6b7db2f3b704b866a5bbf55a0e0f) Importer(815301076,1909f56bfc062723c751e8b465ee728b)
Start importing Assets/greyRoadStudio/LowPolyTreePack/Materials/Mat_OakTreeTrunk.mat using Guid(d07f6b7db2f3b704b866a5bbf55a0e0f) Importer(815301076,1909f56bfc062723c751e8b465ee728b)  -> (artifact id: 'e3c9b22d7928be4aba91cd1f998a49a3') in 0.010091 seconds 
========================================================================
Received Import Request.
  Time since last request: 0.000183 seconds.
  path: Assets/greyRoadStudio/LowPolyTreePack/Materials/Mat_Rock03.mat
  artifactKey: Guid(5ee52a642284f5e4385dabb20444d29a) Importer(815301076,1909f56bfc062723c751e8b465ee728b)
Start importing Assets/greyRoadStudio/LowPolyTreePack/Materials/Mat_Rock03.mat using Guid(5ee52a642284f5e4385dabb20444d29a) Importer(815301076,1909f56bfc062723c751e8b465ee728b)  -> (artifact id: '9feefafc23b8e992f4d93b55d2463da2') in 0.011823 seconds 
========================================================================
Received Import Request.
  Time since last request: 0.000292 seconds.
  path: Assets/greyRoadStudio/LowPolyTreePack/Materials/Mat_PineNeedles.mat
  artifactKey: Guid(793842aefad08de42b1dd9308bd42f57) Importer(815301076,1909f56bfc062723c751e8b465ee728b)
Start importing Assets/greyRoadStudio/LowPolyTreePack/Materials/Mat_PineNeedles.mat using Guid(793842aefad08de42b1dd9308bd42f57) Importer(815301076,1909f56bfc062723c751e8b465ee728b)  -> (artifact id: 'c07582b2611e180b87f0eef09a3d9703') in 0.010613 seconds 
========================================================================
Received Import Request.
  Time since last request: 0.000327 seconds.
  path: Assets/greyRoadStudio/LowPolyTreePack/Materials/Mat_Rock01.mat
  artifactKey: Guid(41aba79095f97cd43927b0a4c906b435) Importer(815301076,1909f56bfc062723c751e8b465ee728b)
Start importing Assets/greyRoadStudio/LowPolyTreePack/Materials/Mat_Rock01.mat using Guid(41aba79095f97cd43927b0a4c906b435) Importer(815301076,1909f56bfc062723c751e8b465ee728b)  -> (artifact id: '51fa00926c62144795acb2dab252840c') in 0.010203 seconds 
========================================================================
Received Import Request.
  Time since last request: 0.000265 seconds.
  path: Assets/greyRoadStudio/LowPolyTreePack/Materials/Mat_BirchTree.mat
  artifactKey: Guid(e85d88f441c91ca4c898a36c492940dc) Importer(815301076,1909f56bfc062723c751e8b465ee728b)
Start importing Assets/greyRoadStudio/LowPolyTreePack/Materials/Mat_BirchTree.mat using Guid(e85d88f441c91ca4c898a36c492940dc) Importer(815301076,1909f56bfc062723c751e8b465ee728b)  -> (artifact id: '717fd7165c55bf217e9258efd040a2a4') in 0.011170 seconds 
========================================================================
Received Import Request.
  Time since last request: 0.000313 seconds.
  path: Assets/greyRoadStudio/LowPolyTreePack/Materials/Mat_Ground.mat
  artifactKey: Guid(49da8e6e90754214f86c4ccb55d12cde) Importer(815301076,1909f56bfc062723c751e8b465ee728b)
Start importing Assets/greyRoadStudio/LowPolyTreePack/Materials/Mat_Ground.mat using Guid(49da8e6e90754214f86c4ccb55d12cde) Importer(815301076,1909f56bfc062723c751e8b465ee728b)  -> (artifact id: '0ac04bcd339f05cccc03dcff8af19d75') in 0.010669 seconds 
========================================================================
Received Import Request.
  Time since last request: 0.000320 seconds.
  path: Assets/greyRoadStudio/LowPolyTreePack/Materials/Mat_OakLeaves.mat
  artifactKey: Guid(34dd48b381bae5f4f80fe8348a0b644e) Importer(815301076,1909f56bfc062723c751e8b465ee728b)
Start importing Assets/greyRoadStudio/LowPolyTreePack/Materials/Mat_OakLeaves.mat using Guid(34dd48b381bae5f4f80fe8348a0b644e) Importer(815301076,1909f56bfc062723c751e8b465ee728b)  -> (artifact id: 'ce49ade643f67a6f9fca3d088b9fc8e1') in 0.010495 seconds 
========================================================================
Received Import Request.
  Time since last request: 0.000249 seconds.
  path: Assets/greyRoadStudio/LowPolyTreePack/Materials/Mat_StumpWood.mat
  artifactKey: Guid(7070f0aa97fe7ca49b39847a252871d9) Importer(815301076,1909f56bfc062723c751e8b465ee728b)
Start importing Assets/greyRoadStudio/LowPolyTreePack/Materials/Mat_StumpWood.mat using Guid(7070f0aa97fe7ca49b39847a252871d9) Importer(815301076,1909f56bfc062723c751e8b465ee728b)  -> (artifact id: '18f1f9f4e07a2f0a217ca38ce344e658') in 0.011573 seconds 
========================================================================
Received Import Request.
  Time since last request: 0.000222 seconds.
  path: Assets/greyRoadStudio/LowPolyTreePack/Materials/Mat_Tree.mat
  artifactKey: Guid(8b6f2c2c5ab4c0149b18ba7b50b58178) Importer(815301076,1909f56bfc062723c751e8b465ee728b)
Start importing Assets/greyRoadStudio/LowPolyTreePack/Materials/Mat_Tree.mat using Guid(8b6f2c2c5ab4c0149b18ba7b50b58178) Importer(815301076,1909f56bfc062723c751e8b465ee728b)  -> (artifact id: '66662afbbcccf4e9a9833e98fafa0718') in 0.010700 seconds 
========================================================================
Received Prepare
Registering precompiled user dll's ...
Registered in 0.007175 seconds.
Begin MonoManager ReloadAssembly
Symbol file LoadedFromMemory doesn't match image C:\Users\sschn\OneDrive\Documents\GitHub\BloodGame\Practicle-Scripting\Library\PackageCache\com.unity.visualscripting@1.6.1\Editor\VisualScripting.Core\Dependencies\YamlDotNet\Unity.VisualScripting.YamlDotNet.dll
Symbol file LoadedFromMemory doesn't match image C:\Users\sschn\OneDrive\Documents\GitHub\BloodGame\Practicle-Scripting\Library\PackageCache\com.unity.visualscripting@1.6.1\Editor\VisualScripting.Core\Dependencies\DotNetZip\Unity.VisualScripting.IonicZip.dll
Native extension for WindowsStandalone target not found
Refreshing native plugins compatible for Editor in 1.03 ms, found 3 plugins.
Preloading 0 native plugins for Editor in 0.00 ms.
Warning: Annotation not found!
UnityEngine.StackTraceUtility:ExtractStackTrace ()
UnityEditor.ProBuilder.EditorUtility:SetGizmoIconEnabled (System.Type,bool) (at Library/PackageCache/com.unity.probuilder@5.0.3/Editor/EditorCore/EditorUtility.cs:575)
UnityEditor.ProBuilder.HierarchyListener:.cctor () (at Library/PackageCache/com.unity.probuilder@5.0.3/Editor/EditorCore/HierarchyListener.cs:21)
System.Runtime.CompilerServices.RuntimeHelpers:RunClassConstructor (System.RuntimeTypeHandle)
UnityEditor.EditorAssemblies:ProcessInitializeOnLoadAttributes (System.Type[])

[Library/PackageCache/com.unity.probuilder@5.0.3/Editor/EditorCore/EditorUtility.cs line 575]

Mono: successfully reloaded assembly
- Completed reload, in  1.380 seconds
Domain Reload Profiling:
	ReloadAssembly (1380ms)
		BeginReloadAssembly (139ms)
			ExecutionOrderSort (0ms)
			DisableScriptedObjects (8ms)
			BackupInstance (0ms)
			ReleaseScriptingObjects (0ms)
			CreateAndSetChildDomain (46ms)
		EndReloadAssembly (1177ms)
			LoadAssemblies (109ms)
			RebuildTransferFunctionScriptingTraits (0ms)
			SetupTypeCache (426ms)
			ReleaseScriptCaches (2ms)
			RebuildScriptCaches (49ms)
			SetupLoadedEditorAssemblies (439ms)
				LogAssemblyErrors (0ms)
				InitializePlatformSupportModulesInManaged (5ms)
				SetLoadedEditorAssemblies (0ms)
				RefreshPlugins (1ms)
				BeforeProcessingInitializeOnLoad (90ms)
				ProcessInitializeOnLoadAttributes (330ms)
				ProcessInitializeOnLoadMethodAttributes (6ms)
				AfterProcessingInitializeOnLoad (7ms)
				EditorAssembliesLoaded (0ms)
			ExecutionOrderSort2 (0ms)
			AwakeInstancesAfterBackupRestoration (21ms)
Platform modules already initialized, skipping
Refreshing native plugins compatible for Editor in 1.01 ms, found 3 plugins.
Preloading 0 native plugins for Editor in 0.00 ms.
Unloading 4816 Unused Serialized files (Serialized files now loaded: 0)
System memory in use before: 212.0 MB.
System memory in use after: 212.5 MB.

Unloading 22 unused Assets to reduce memory usage. Loaded Objects now: 5784.
Total: 4.847200 ms (FindLiveObjects: 0.429500 ms CreateObjectMapping: 0.290300 ms MarkObjects: 4.047800 ms  DeleteObjects: 0.078800 ms)

AssetImportParameters requested are different than current active one (requested -> active):
  custom:framework-win-MediaFoundation: 216162199b28c13a410421893ffa2e32 -> 
  custom:video-decoder-ogg-theora: a1e56fd34408186e4bbccfd4996cb3dc -> 
  custom:container-muxer-webm: aa71ff27fc2769a1b78a27578f13a17b -> 
  custom:container-demuxer-webm: 4f35f7cbe854078d1ac9338744f61a02 -> 
  custom:container-demuxer-ogg: 62fdf1f143b41e24485cea50d1cbac27 -> 
  custom:video-encoder-webm-vp8: eb34c28f22e8b96e1ab97ce403110664 -> 
  custom:video-codec-MediaFoundation-h265: 746d11721c4dcdbdad8f713fa42b33f4 -> 
  custom:video-decoder-webm-vp8: 9c59270c3fd7afecdb556c50c9e8de78 -> 
  custom:audio-decoder-ogg-vorbis: bf7c407c2cedff20999df2af8eb42d56 -> 
  custom:audio-encoder-webm-vorbis: bf7c407c2cedff20999df2af8eb42d56 -> 
========================================================================
Received Prepare
Registering precompiled user dll's ...
Registered in 0.008490 seconds.
Begin MonoManager ReloadAssembly
Symbol file LoadedFromMemory doesn't match image C:\Users\sschn\OneDrive\Documents\GitHub\BloodGame\Practicle-Scripting\Library\PackageCache\com.unity.visualscripting@1.6.1\Editor\VisualScripting.Core\Dependencies\YamlDotNet\Unity.VisualScripting.YamlDotNet.dll
Symbol file LoadedFromMemory doesn't match image C:\Users\sschn\OneDrive\Documents\GitHub\BloodGame\Practicle-Scripting\Library\PackageCache\com.unity.visualscripting@1.6.1\Editor\VisualScripting.Core\Dependencies\DotNetZip\Unity.VisualScripting.IonicZip.dll
Native extension for WindowsStandalone target not found
Refreshing native plugins compatible for Editor in 1.06 ms, found 3 plugins.
Preloading 0 native plugins for Editor in 0.00 ms.
Warning: Annotation not found!
UnityEngine.StackTraceUtility:ExtractStackTrace ()
UnityEditor.ProBuilder.EditorUtility:SetGizmoIconEnabled (System.Type,bool) (at Library/PackageCache/com.unity.probuilder@5.0.3/Editor/EditorCore/EditorUtility.cs:575)
UnityEditor.ProBuilder.HierarchyListener:.cctor () (at Library/PackageCache/com.unity.probuilder@5.0.3/Editor/EditorCore/HierarchyListener.cs:21)
System.Runtime.CompilerServices.RuntimeHelpers:RunClassConstructor (System.RuntimeTypeHandle)
UnityEditor.EditorAssemblies:ProcessInitializeOnLoadAttributes (System.Type[])

[Library/PackageCache/com.unity.probuilder@5.0.3/Editor/EditorCore/EditorUtility.cs line 575]

Mono: successfully reloaded assembly
- Completed reload, in  1.747 seconds
Domain Reload Profiling:
	ReloadAssembly (1748ms)
		BeginReloadAssembly (161ms)
			ExecutionOrderSort (0ms)
			DisableScriptedObjects (10ms)
			BackupInstance (0ms)
			ReleaseScriptingObjects (0ms)
			CreateAndSetChildDomain (46ms)
		EndReloadAssembly (1500ms)
			LoadAssemblies (136ms)
			RebuildTransferFunctionScriptingTraits (0ms)
			SetupTypeCache (512ms)
			ReleaseScriptCaches (2ms)
			RebuildScriptCaches (66ms)
			SetupLoadedEditorAssemblies (590ms)
				LogAssemblyErrors (0ms)
				InitializePlatformSupportModulesInManaged (6ms)
				SetLoadedEditorAssemblies (1ms)
				RefreshPlugins (1ms)
				BeforeProcessingInitializeOnLoad (124ms)
				ProcessInitializeOnLoadAttributes (440ms)
				ProcessInitializeOnLoadMethodAttributes (7ms)
				AfterProcessingInitializeOnLoad (10ms)
				EditorAssembliesLoaded (0ms)
			ExecutionOrderSort2 (0ms)
			AwakeInstancesAfterBackupRestoration (28ms)
Platform modules already initialized, skipping
Refreshing native plugins compatible for Editor in 1.22 ms, found 3 plugins.
Preloading 0 native plugins for Editor in 0.00 ms.
Unloading 4816 Unused Serialized files (Serialized files now loaded: 0)
System memory in use before: 212.1 MB.
System memory in use after: 212.5 MB.

Unloading 22 unused Assets to reduce memory usage. Loaded Objects now: 5786.
Total: 6.871700 ms (FindLiveObjects: 1.001700 ms CreateObjectMapping: 0.824000 ms MarkObjects: 4.963100 ms  DeleteObjects: 0.081600 ms)

AssetImportParameters requested are different than current active one (requested -> active):
  custom:framework-win-MediaFoundation: 216162199b28c13a410421893ffa2e32 -> 
  custom:video-decoder-ogg-theora: a1e56fd34408186e4bbccfd4996cb3dc -> 
  custom:container-muxer-webm: aa71ff27fc2769a1b78a27578f13a17b -> 
  custom:container-demuxer-webm: 4f35f7cbe854078d1ac9338744f61a02 -> 
  custom:container-demuxer-ogg: 62fdf1f143b41e24485cea50d1cbac27 -> 
  custom:video-encoder-webm-vp8: eb34c28f22e8b96e1ab97ce403110664 -> 
  custom:video-codec-MediaFoundation-h265: 746d11721c4dcdbdad8f713fa42b33f4 -> 
  custom:video-decoder-webm-vp8: 9c59270c3fd7afecdb556c50c9e8de78 -> 
  custom:audio-decoder-ogg-vorbis: bf7c407c2cedff20999df2af8eb42d56 -> 
  custom:audio-encoder-webm-vorbis: bf7c407c2cedff20999df2af8eb42d56 -> 
AssetImportWorkerClient::OnTransportError - code=2 error=End of file
