Using pre-set license
Built from '2021.1/staging' branch; Version is '2021.1.17f1 (03b40fe07a36) revision 242703'; Using compiler version '192528614'; Build Type 'Release'
OS: 'Windows 10 Home; OS build 18363.1556; Version 1909; 64bit' Language: 'en' Physical Memory: 32647 MB
BatchMode: 1, IsHumanControllingUs: 0, StartBugReporterOnCrash: 0, Is64bit: 1, IsPro: 0

 COMMAND LINE ARGUMENTS:
C:\Program Files\Unity\Hub\Editor\2021.1.17f1\Editor\Unity.exe
-adb2
-batchMode
-noUpm
-name
AssetImportWorker0
-projectPath
C:/Users/sschn/OneDrive/Documents/GitHub/BloodGame/Practicle-Scripting
-logFile
Logs/AssetImportWorker0.log
-srvPort
61874
Successfully changed project path to: C:/Users/sschn/OneDrive/Documents/GitHub/BloodGame/Practicle-Scripting
C:/Users/sschn/OneDrive/Documents/GitHub/BloodGame/Practicle-Scripting
Using Asset Import Pipeline V2.
Refreshing native plugins compatible for Editor in 139.16 ms, found 3 plugins.
Preloading 0 native plugins for Editor in 0.00 ms.
Initialize engine version: 2021.1.17f1 (03b40fe07a36)
[Subsystems] Discovering subsystems at path C:/Program Files/Unity/Hub/Editor/2021.1.17f1/Editor/Data/Resources/UnitySubsystems
[Subsystems] Discovering subsystems at path C:/Users/sschn/OneDrive/Documents/GitHub/BloodGame/Practicle-Scripting/Assets
GfxDevice: creating device client; threaded=0; jobified=0
Direct3D:
    Version:  Direct3D 11.0 [level 11.1]
    Renderer: NVIDIA GeForce GTX 1070 (ID=0x1be1)
    Vendor:   NVIDIA
    VRAM:     8081 MB
    Driver:   30.0.14.9733
Initialize mono
Mono path[0] = 'C:/Program Files/Unity/Hub/Editor/2021.1.17f1/Editor/Data/Managed'
Mono path[1] = 'C:/Program Files/Unity/Hub/Editor/2021.1.17f1/Editor/Data/MonoBleedingEdge/lib/mono/unityjit'
Mono config path = 'C:/Program Files/Unity/Hub/Editor/2021.1.17f1/Editor/Data/MonoBleedingEdge/etc'
Using monoOptions --debugger-agent=transport=dt_socket,embedding=1,server=y,suspend=n,address=127.0.0.1:56816
Begin MonoManager ReloadAssembly
Registering precompiled unity dll's ...
Register platform support module: C:/Program Files/Unity/Hub/Editor/2021.1.17f1/Editor/Data/PlaybackEngines/WindowsStandaloneSupport/UnityEditor.WindowsStandalone.Extensions.dll
Registered in 0.001884 seconds.
Native extension for WindowsStandalone target not found
Refreshing native plugins compatible for Editor in 139.45 ms, found 3 plugins.
Preloading 0 native plugins for Editor in 0.00 ms.
Mono: successfully reloaded assembly
- Completed reload, in  1.319 seconds
Domain Reload Profiling:
	ReloadAssembly (1320ms)
		BeginReloadAssembly (66ms)
			ExecutionOrderSort (0ms)
			DisableScriptedObjects (0ms)
			BackupInstance (0ms)
			ReleaseScriptingObjects (0ms)
			CreateAndSetChildDomain (1ms)
		EndReloadAssembly (545ms)
			LoadAssemblies (64ms)
			RebuildTransferFunctionScriptingTraits (0ms)
			SetupTypeCache (173ms)
			ReleaseScriptCaches (0ms)
			RebuildScriptCaches (33ms)
			SetupLoadedEditorAssemblies (291ms)
				LogAssemblyErrors (0ms)
				InitializePlatformSupportModulesInManaged (6ms)
				SetLoadedEditorAssemblies (0ms)
				RefreshPlugins (140ms)
				BeforeProcessingInitializeOnLoad (1ms)
				ProcessInitializeOnLoadAttributes (111ms)
				ProcessInitializeOnLoadMethodAttributes (33ms)
				AfterProcessingInitializeOnLoad (0ms)
				EditorAssembliesLoaded (0ms)
			ExecutionOrderSort2 (0ms)
			AwakeInstancesAfterBackupRestoration (0ms)
Platform modules already initialized, skipping
Registering precompiled user dll's ...
Registered in 0.007269 seconds.
Begin MonoManager ReloadAssembly
Symbol file LoadedFromMemory doesn't match image C:\Users\sschn\OneDrive\Documents\GitHub\BloodGame\Practicle-Scripting\Library\PackageCache\com.unity.visualscripting@1.6.1\Editor\VisualScripting.Core\Dependencies\YamlDotNet\Unity.VisualScripting.YamlDotNet.dll
Symbol file LoadedFromMemory doesn't match image C:\Users\sschn\OneDrive\Documents\GitHub\BloodGame\Practicle-Scripting\Library\PackageCache\com.unity.visualscripting@1.6.1\Editor\VisualScripting.Core\Dependencies\DotNetZip\Unity.VisualScripting.IonicZip.dll
Native extension for WindowsStandalone target not found
Refreshing native plugins compatible for Editor in 150.26 ms, found 3 plugins.
Preloading 0 native plugins for Editor in 0.00 ms.
Mono: successfully reloaded assembly
- Completed reload, in  1.774 seconds
Domain Reload Profiling:
	ReloadAssembly (1774ms)
		BeginReloadAssembly (167ms)
			ExecutionOrderSort (0ms)
			DisableScriptedObjects (5ms)
			BackupInstance (0ms)
			ReleaseScriptingObjects (0ms)
			CreateAndSetChildDomain (20ms)
		EndReloadAssembly (1543ms)
			LoadAssemblies (110ms)
			RebuildTransferFunctionScriptingTraits (0ms)
			SetupTypeCache (438ms)
			ReleaseScriptCaches (1ms)
			RebuildScriptCaches (64ms)
			SetupLoadedEditorAssemblies (826ms)
				LogAssemblyErrors (0ms)
				InitializePlatformSupportModulesInManaged (4ms)
				SetLoadedEditorAssemblies (0ms)
				RefreshPlugins (150ms)
				BeforeProcessingInitializeOnLoad (116ms)
				ProcessInitializeOnLoadAttributes (542ms)
				ProcessInitializeOnLoadMethodAttributes (6ms)
				AfterProcessingInitializeOnLoad (7ms)
				EditorAssembliesLoaded (0ms)
			ExecutionOrderSort2 (0ms)
			AwakeInstancesAfterBackupRestoration (7ms)
Platform modules already initialized, skipping
========================================================================
Worker process is ready to serve import requests
Launched and connected shader compiler UnityShaderCompiler.exe after 0.09 seconds
Refreshing native plugins compatible for Editor in 1.03 ms, found 3 plugins.
Preloading 0 native plugins for Editor in 0.00 ms.
Unloading 4976 Unused Serialized files (Serialized files now loaded: 0)
System memory in use before: 195.4 MB.
System memory in use after: 195.8 MB.

Unloading 127 unused Assets to reduce memory usage. Loaded Objects now: 5406.
Total: 4.183700 ms (FindLiveObjects: 0.379400 ms CreateObjectMapping: 0.260300 ms MarkObjects: 3.339300 ms  DeleteObjects: 0.203500 ms)

AssetImportParameters requested are different than current active one (requested -> active):
  custom:framework-win-MediaFoundation: 216162199b28c13a410421893ffa2e32 -> 
  custom:video-decoder-ogg-theora: a1e56fd34408186e4bbccfd4996cb3dc -> 
  custom:container-muxer-webm: aa71ff27fc2769a1b78a27578f13a17b -> 
  custom:container-demuxer-webm: 4f35f7cbe854078d1ac9338744f61a02 -> 
  custom:container-demuxer-ogg: 62fdf1f143b41e24485cea50d1cbac27 -> 
  custom:video-encoder-webm-vp8: eb34c28f22e8b96e1ab97ce403110664 -> 
  custom:video-codec-MediaFoundation-h265: 746d11721c4dcdbdad8f713fa42b33f4 -> 
  custom:video-decoder-webm-vp8: 9c59270c3fd7afecdb556c50c9e8de78 -> 
  custom:audio-decoder-ogg-vorbis: bf7c407c2cedff20999df2af8eb42d56 -> 
  custom:audio-encoder-webm-vorbis: bf7c407c2cedff20999df2af8eb42d56 -> 
========================================================================
Received Import Request.
  path: Assets/Skull Platform/_source/Materials/Platform_Skull.mat
  artifactKey: Guid(142c3b583dd41ee4bb08dcab10ae5bfa) Importer(815301076,1909f56bfc062723c751e8b465ee728b)
Start importing Assets/Skull Platform/_source/Materials/Platform_Skull.mat using Guid(142c3b583dd41ee4bb08dcab10ae5bfa) Importer(815301076,1909f56bfc062723c751e8b465ee728b)  -> (artifact id: 'c06e611e49a378c2235c6980dbf88e7f') in 0.254296 seconds 
========================================================================
Received Import Request.
  Time since last request: 0.000312 seconds.
  path: Assets/Skull Platform/_source/Materials/Plane.mat
  artifactKey: Guid(9015bbc8d5118fa4287a093186ae4ab7) Importer(815301076,1909f56bfc062723c751e8b465ee728b)
Start importing Assets/Skull Platform/_source/Materials/Plane.mat using Guid(9015bbc8d5118fa4287a093186ae4ab7) Importer(815301076,1909f56bfc062723c751e8b465ee728b)  -> (artifact id: '9154caef80126c389cb66d40dfaa4565') in 0.031289 seconds 
========================================================================
Received Import Request.
  Time since last request: 0.000299 seconds.
  path: Assets/Skull Platform/_source/Materials/Platform_Skull_Dark.mat
  artifactKey: Guid(077ada88bb0d1b1498ed3863532f415d) Importer(815301076,1909f56bfc062723c751e8b465ee728b)
Start importing Assets/Skull Platform/_source/Materials/Platform_Skull_Dark.mat using Guid(077ada88bb0d1b1498ed3863532f415d) Importer(815301076,1909f56bfc062723c751e8b465ee728b)  -> (artifact id: '9213c7cbf746824e76e9e9cbafa31564') in 0.049509 seconds 
========================================================================
Received Import Request.
  Time since last request: 0.000282 seconds.
  path: Assets/Skull Platform/_source/Materials/Platform_Skull_Emissive.mat
  artifactKey: Guid(dcbf35daa84d31d46af8a5b2a6183db2) Importer(815301076,1909f56bfc062723c751e8b465ee728b)
Start importing Assets/Skull Platform/_source/Materials/Platform_Skull_Emissive.mat using Guid(dcbf35daa84d31d46af8a5b2a6183db2) Importer(815301076,1909f56bfc062723c751e8b465ee728b)  -> (artifact id: 'e930315421634ade347874b6fdea35b4') in 0.030030 seconds 
========================================================================
Received Import Request.
  Time since last request: 0.628027 seconds.
  path: Assets/Skull Platform/_source/Textures/Plane.png
  artifactKey: Guid(1ad75851669495a4aa122b21447e5e55) Importer(815301076,1909f56bfc062723c751e8b465ee728b)
Start importing Assets/Skull Platform/_source/Textures/Plane.png using Guid(1ad75851669495a4aa122b21447e5e55) Importer(815301076,1909f56bfc062723c751e8b465ee728b)  -> (artifact id: '23ebec0a0972fb5cacf0db39784ac289') in 0.017718 seconds 
========================================================================
Received Import Request.
  Time since last request: 0.000253 seconds.
  path: Assets/Skull Platform/_source/Textures/Platform_Skull_N.tga
  artifactKey: Guid(606857565cc0f2b4ca73520207a92175) Importer(815301076,1909f56bfc062723c751e8b465ee728b)
Start importing Assets/Skull Platform/_source/Textures/Platform_Skull_N.tga using Guid(606857565cc0f2b4ca73520207a92175) Importer(815301076,1909f56bfc062723c751e8b465ee728b)  -> (artifact id: '93884d9855a75369cfc5d0fd8a7ac8ba') in 0.017759 seconds 
========================================================================
Received Import Request.
  Time since last request: 0.000248 seconds.
  path: Assets/Skull Platform/_source/Textures/Platform_Skull_S.tga
  artifactKey: Guid(faee369a22844b54686c07f182163fa3) Importer(815301076,1909f56bfc062723c751e8b465ee728b)
Start importing Assets/Skull Platform/_source/Textures/Platform_Skull_S.tga using Guid(faee369a22844b54686c07f182163fa3) Importer(815301076,1909f56bfc062723c751e8b465ee728b)  -> (artifact id: 'ac3c055555f8864882c190ea8afff237') in 0.012680 seconds 
========================================================================
Received Import Request.
  Time since last request: 0.005915 seconds.
  path: Assets/Skull Platform/_source/Textures/Platform_Skull_Dark_A.tga
  artifactKey: Guid(9b330db3d7cd81f40af138f4900ca0cf) Importer(815301076,1909f56bfc062723c751e8b465ee728b)
Start importing Assets/Skull Platform/_source/Textures/Platform_Skull_Dark_A.tga using Guid(9b330db3d7cd81f40af138f4900ca0cf) Importer(815301076,1909f56bfc062723c751e8b465ee728b)  -> (artifact id: '54e8921f7c6c2b785771bd629a3e0561') in 0.012468 seconds 
========================================================================
Received Import Request.
  Time since last request: 0.000280 seconds.
  path: Assets/Skull Platform/_source/Textures/Platform_Skull_AO.tga
  artifactKey: Guid(e848470567914ac49b4d7064ab83704f) Importer(815301076,1909f56bfc062723c751e8b465ee728b)
Start importing Assets/Skull Platform/_source/Textures/Platform_Skull_AO.tga using Guid(e848470567914ac49b4d7064ab83704f) Importer(815301076,1909f56bfc062723c751e8b465ee728b)  -> (artifact id: '39ce7cd4b43110e76fe2175a0c714f62') in 0.013460 seconds 
========================================================================
Received Import Request.
  Time since last request: 0.000238 seconds.
  path: Assets/Skull Platform/_source/Textures/Platform_Skull_E.tga
  artifactKey: Guid(e8810096ea9a5254a84b15cea9503e1e) Importer(815301076,1909f56bfc062723c751e8b465ee728b)
Start importing Assets/Skull Platform/_source/Textures/Platform_Skull_E.tga using Guid(e8810096ea9a5254a84b15cea9503e1e) Importer(815301076,1909f56bfc062723c751e8b465ee728b)  -> (artifact id: 'dee086cd2d34ab335f56be0e673df918') in 0.011768 seconds 
========================================================================
Received Import Request.
  Time since last request: 0.000289 seconds.
  path: Assets/Skull Platform/_source/Textures/Platform_Skull_A.tga
  artifactKey: Guid(e18538a7b62e0894bb756091221954b1) Importer(815301076,1909f56bfc062723c751e8b465ee728b)
Start importing Assets/Skull Platform/_source/Textures/Platform_Skull_A.tga using Guid(e18538a7b62e0894bb756091221954b1) Importer(815301076,1909f56bfc062723c751e8b465ee728b)  -> (artifact id: '91eeda83dd961db5c877f05ab075d7b5') in 0.012377 seconds 
========================================================================
Received Import Request.
  Time since last request: 2.887562 seconds.
  path: Assets/Skull Platform/Demo/post.asset
  artifactKey: Guid(6137f9493d181654893869601e59cf21) Importer(815301076,1909f56bfc062723c751e8b465ee728b)
Start importing Assets/Skull Platform/Demo/post.asset using Guid(6137f9493d181654893869601e59cf21) Importer(815301076,1909f56bfc062723c751e8b465ee728b)  -> (artifact id: '7e79d0e832e183f1864bbefa4300f416') in 0.013577 seconds 
========================================================================
Received Import Request.
  Time since last request: 0.000265 seconds.
  path: Assets/Skull Platform/Demo/Sky.mat
  artifactKey: Guid(f2bf9606d52897d49b85e05317d98625) Importer(815301076,1909f56bfc062723c751e8b465ee728b)
Start importing Assets/Skull Platform/Demo/Sky.mat using Guid(f2bf9606d52897d49b85e05317d98625) Importer(815301076,1909f56bfc062723c751e8b465ee728b)  -> (artifact id: '4e46434358442e42c8ea3d5ccc976dda') in 0.100343 seconds 
========================================================================
Received Import Request.
  Time since last request: 1.656996 seconds.
  path: Assets/Skull Platform/Particles/Materials
  artifactKey: Guid(ef93a8fb3c6942e428d927fb3ce656cd) Importer(815301076,1909f56bfc062723c751e8b465ee728b)
Start importing Assets/Skull Platform/Particles/Materials using Guid(ef93a8fb3c6942e428d927fb3ce656cd) Importer(815301076,1909f56bfc062723c751e8b465ee728b)  -> (artifact id: '9e1467820db8038c3a5b06b653b04c5b') in 0.005165 seconds 
========================================================================
Received Import Request.
  Time since last request: 0.059549 seconds.
  path: Assets/Skull Platform/Particles/Materials/Dust.mat
  artifactKey: Guid(42898d32c17051641a16a1c4820afd25) Importer(815301076,1909f56bfc062723c751e8b465ee728b)
Start importing Assets/Skull Platform/Particles/Materials/Dust.mat using Guid(42898d32c17051641a16a1c4820afd25) Importer(815301076,1909f56bfc062723c751e8b465ee728b)  -> (artifact id: '09e51fd4520d8f3005d9195a41d65a65') in 0.020804 seconds 
========================================================================
Received Import Request.
  Time since last request: 0.000289 seconds.
  path: Assets/Skull Platform/Particles/Materials/Flame.mat
  artifactKey: Guid(26cc038733938514e81fdf80e8d14656) Importer(815301076,1909f56bfc062723c751e8b465ee728b)
Start importing Assets/Skull Platform/Particles/Materials/Flame.mat using Guid(26cc038733938514e81fdf80e8d14656) Importer(815301076,1909f56bfc062723c751e8b465ee728b)  -> (artifact id: 'cc3726bb271297a25a7d25d5ca48ca40') in 0.017972 seconds 
========================================================================
Received Import Request.
  Time since last request: 8.540819 seconds.
  path: Assets/Skull Platform/Particles/Textures/Fire_Dust.psd
  artifactKey: Guid(6d3d00f58c3752840b1fba7926db21e8) Importer(815301076,1909f56bfc062723c751e8b465ee728b)
Start importing Assets/Skull Platform/Particles/Textures/Fire_Dust.psd using Guid(6d3d00f58c3752840b1fba7926db21e8) Importer(815301076,1909f56bfc062723c751e8b465ee728b)  -> (artifact id: '26e0a3354737f2a641ee68f6cf729b80') in 0.013290 seconds 
========================================================================
Received Import Request.
  Time since last request: 5.624981 seconds.
  path: Assets/Skull Platform/Particles/_Prefabs/Dust.prefab
  artifactKey: Guid(8d218001a1e147542bc5a9058259e49f) Importer(815301076,1909f56bfc062723c751e8b465ee728b)
Start importing Assets/Skull Platform/Particles/_Prefabs/Dust.prefab using Guid(8d218001a1e147542bc5a9058259e49f) Importer(815301076,1909f56bfc062723c751e8b465ee728b)  -> (artifact id: '4e31f5146d5e58d561d6b9b3e31ee9d8') in 0.020788 seconds 
========================================================================
Received Import Request.
  Time since last request: 0.000270 seconds.
  path: Assets/Skull Platform/Particles/_Prefabs/Fire.prefab
  artifactKey: Guid(33b53928f1384a945a6a8079792efba9) Importer(815301076,1909f56bfc062723c751e8b465ee728b)
Start importing Assets/Skull Platform/Particles/_Prefabs/Fire.prefab using Guid(33b53928f1384a945a6a8079792efba9) Importer(815301076,1909f56bfc062723c751e8b465ee728b)  -> (artifact id: '9b7bf5187e6dcb200bd5c5dc85b09f81') in 0.012108 seconds 
========================================================================
Received Import Request.
  Time since last request: 193.634272 seconds.
  path: Assets/Cartoon Temple Building Kit/Prefabs/Decorative Prefabs/Misc/Lantern With Orb.prefab
  artifactKey: Guid(605c5179c270f51458f90168a90b72a3) Importer(815301076,1909f56bfc062723c751e8b465ee728b)
Start importing Assets/Cartoon Temple Building Kit/Prefabs/Decorative Prefabs/Misc/Lantern With Orb.prefab using Guid(605c5179c270f51458f90168a90b72a3) Importer(815301076,1909f56bfc062723c751e8b465ee728b)  -> (artifact id: 'e56b7d5b46199e96540e05626172f8be') in 0.024689 seconds 
========================================================================
Received Prepare
Registering precompiled user dll's ...
Registered in 0.006860 seconds.
Begin MonoManager ReloadAssembly
Symbol file LoadedFromMemory doesn't match image C:\Users\sschn\OneDrive\Documents\GitHub\BloodGame\Practicle-Scripting\Library\PackageCache\com.unity.visualscripting@1.6.1\Editor\VisualScripting.Core\Dependencies\YamlDotNet\Unity.VisualScripting.YamlDotNet.dll
Symbol file LoadedFromMemory doesn't match image C:\Users\sschn\OneDrive\Documents\GitHub\BloodGame\Practicle-Scripting\Library\PackageCache\com.unity.visualscripting@1.6.1\Editor\VisualScripting.Core\Dependencies\DotNetZip\Unity.VisualScripting.IonicZip.dll
Native extension for WindowsStandalone target not found
Refreshing native plugins compatible for Editor in 1.06 ms, found 3 plugins.
Preloading 0 native plugins for Editor in 0.00 ms.
Warning: Annotation not found!
UnityEngine.StackTraceUtility:ExtractStackTrace ()
UnityEditor.ProBuilder.EditorUtility:SetGizmoIconEnabled (System.Type,bool) (at Library/PackageCache/com.unity.probuilder@5.0.3/Editor/EditorCore/EditorUtility.cs:575)
UnityEditor.ProBuilder.HierarchyListener:.cctor () (at Library/PackageCache/com.unity.probuilder@5.0.3/Editor/EditorCore/HierarchyListener.cs:21)
System.Runtime.CompilerServices.RuntimeHelpers:RunClassConstructor (System.RuntimeTypeHandle)
UnityEditor.EditorAssemblies:ProcessInitializeOnLoadAttributes (System.Type[])

[Library/PackageCache/com.unity.probuilder@5.0.3/Editor/EditorCore/EditorUtility.cs line 575]

Mono: successfully reloaded assembly
- Completed reload, in  1.399 seconds
Domain Reload Profiling:
	ReloadAssembly (1400ms)
		BeginReloadAssembly (149ms)
			ExecutionOrderSort (0ms)
			DisableScriptedObjects (6ms)
			BackupInstance (0ms)
			ReleaseScriptingObjects (0ms)
			CreateAndSetChildDomain (44ms)
		EndReloadAssembly (1186ms)
			LoadAssemblies (109ms)
			RebuildTransferFunctionScriptingTraits (0ms)
			SetupTypeCache (393ms)
			ReleaseScriptCaches (1ms)
			RebuildScriptCaches (53ms)
			SetupLoadedEditorAssemblies (467ms)
				LogAssemblyErrors (0ms)
				InitializePlatformSupportModulesInManaged (5ms)
				SetLoadedEditorAssemblies (1ms)
				RefreshPlugins (1ms)
				BeforeProcessingInitializeOnLoad (89ms)
				ProcessInitializeOnLoadAttributes (359ms)
				ProcessInitializeOnLoadMethodAttributes (5ms)
				AfterProcessingInitializeOnLoad (7ms)
				EditorAssembliesLoaded (0ms)
			ExecutionOrderSort2 (0ms)
			AwakeInstancesAfterBackupRestoration (22ms)
Platform modules already initialized, skipping
Refreshing native plugins compatible for Editor in 1.04 ms, found 3 plugins.
Preloading 0 native plugins for Editor in 0.00 ms.
Unloading 4822 Unused Serialized files (Serialized files now loaded: 0)
System memory in use before: 212.8 MB.
System memory in use after: 213.2 MB.

Unloading 22 unused Assets to reduce memory usage. Loaded Objects now: 5611.
Total: 4.915400 ms (FindLiveObjects: 0.447400 ms CreateObjectMapping: 0.371300 ms MarkObjects: 4.018800 ms  DeleteObjects: 0.076400 ms)

AssetImportParameters requested are different than current active one (requested -> active):
  custom:framework-win-MediaFoundation: 216162199b28c13a410421893ffa2e32 -> 
  custom:video-decoder-ogg-theora: a1e56fd34408186e4bbccfd4996cb3dc -> 
  custom:container-muxer-webm: aa71ff27fc2769a1b78a27578f13a17b -> 
  custom:container-demuxer-webm: 4f35f7cbe854078d1ac9338744f61a02 -> 
  custom:container-demuxer-ogg: 62fdf1f143b41e24485cea50d1cbac27 -> 
  custom:video-encoder-webm-vp8: eb34c28f22e8b96e1ab97ce403110664 -> 
  custom:video-codec-MediaFoundation-h265: 746d11721c4dcdbdad8f713fa42b33f4 -> 
  custom:video-decoder-webm-vp8: 9c59270c3fd7afecdb556c50c9e8de78 -> 
  custom:audio-decoder-ogg-vorbis: bf7c407c2cedff20999df2af8eb42d56 -> 
  custom:audio-encoder-webm-vorbis: bf7c407c2cedff20999df2af8eb42d56 -> 
========================================================================
Received Import Request.
  Time since last request: 28.040105 seconds.
  path: Assets/Cartoon Temple Building Kit/Prefabs/Decorative Prefabs/Misc/Lantern With Orb.prefab
  artifactKey: Guid(605c5179c270f51458f90168a90b72a3) Importer(815301076,1909f56bfc062723c751e8b465ee728b)
Start importing Assets/Cartoon Temple Building Kit/Prefabs/Decorative Prefabs/Misc/Lantern With Orb.prefab using Guid(605c5179c270f51458f90168a90b72a3) Importer(815301076,1909f56bfc062723c751e8b465ee728b)  -> (artifact id: '2544fd73c1be2b2951d10234ee1314ab') in 0.175058 seconds 
========================================================================
Received Import Request.
  Time since last request: 0.000234 seconds.
  path: Assets/Cartoon Temple Building Kit/Prefabs/Decorative Prefabs/Misc/Lantern With Orb.prefab
  artifactKey: Guid(605c5179c270f51458f90168a90b72a3) Importer(815301076,1909f56bfc062723c751e8b465ee728b)
Start importing Assets/Cartoon Temple Building Kit/Prefabs/Decorative Prefabs/Misc/Lantern With Orb.prefab using Guid(605c5179c270f51458f90168a90b72a3) Importer(815301076,1909f56bfc062723c751e8b465ee728b)  -> (artifact id: 'cbf7d9226eab351b7ef201eb315c5844') in 0.017858 seconds 
========================================================================
Received Import Request.
  Time since last request: 1.920924 seconds.
  path: Assets/Cartoon Temple Building Kit/Prefabs/Decorative Prefabs/Misc/Lantern With Orb.prefab
  artifactKey: Guid(605c5179c270f51458f90168a90b72a3) Importer(815301076,1909f56bfc062723c751e8b465ee728b)
Start importing Assets/Cartoon Temple Building Kit/Prefabs/Decorative Prefabs/Misc/Lantern With Orb.prefab using Guid(605c5179c270f51458f90168a90b72a3) Importer(815301076,1909f56bfc062723c751e8b465ee728b)  -> (artifact id: 'a8817b0fa196ef273f0623b43d4b5927') in 0.019401 seconds 
========================================================================
Received Import Request.
  Time since last request: 80.625746 seconds.
  path: Assets/Cartoon Temple Building Kit/Prefabs/Decorative Prefabs/Misc/Torch.prefab
  artifactKey: Guid(a78bc141566400c40a7a5d69f9f1439b) Importer(815301076,1909f56bfc062723c751e8b465ee728b)
Start importing Assets/Cartoon Temple Building Kit/Prefabs/Decorative Prefabs/Misc/Torch.prefab using Guid(a78bc141566400c40a7a5d69f9f1439b) Importer(815301076,1909f56bfc062723c751e8b465ee728b)  -> (artifact id: '99372947f4bf68d9bd756ad791750754') in 0.023901 seconds 
========================================================================
Received Import Request.
  Time since last request: 46.252701 seconds.
  path: Assets/Cartoon Temple Building Kit/Prefabs/Decorative Prefabs/Misc/Torch.prefab
  artifactKey: Guid(a78bc141566400c40a7a5d69f9f1439b) Importer(815301076,1909f56bfc062723c751e8b465ee728b)
Start importing Assets/Cartoon Temple Building Kit/Prefabs/Decorative Prefabs/Misc/Torch.prefab using Guid(a78bc141566400c40a7a5d69f9f1439b) Importer(815301076,1909f56bfc062723c751e8b465ee728b)  -> (artifact id: '09ad19b23d2a204328b29c2a68d17350') in 0.015438 seconds 
========================================================================
Received Import Request.
  Time since last request: 3.370755 seconds.
  path: Assets/Cartoon Temple Building Kit/Prefabs/Decorative Prefabs/Misc/Torch.prefab
  artifactKey: Guid(a78bc141566400c40a7a5d69f9f1439b) Importer(815301076,1909f56bfc062723c751e8b465ee728b)
Start importing Assets/Cartoon Temple Building Kit/Prefabs/Decorative Prefabs/Misc/Torch.prefab using Guid(a78bc141566400c40a7a5d69f9f1439b) Importer(815301076,1909f56bfc062723c751e8b465ee728b)  -> (artifact id: '0b96fd6d493b21314a95114a2236b0f2') in 0.017055 seconds 
========================================================================
Received Import Request.
  Time since last request: 4.413055 seconds.
  path: Assets/Cartoon Temple Building Kit/Prefabs/Decorative Prefabs/Misc/Torch.prefab
  artifactKey: Guid(a78bc141566400c40a7a5d69f9f1439b) Importer(815301076,1909f56bfc062723c751e8b465ee728b)
Start importing Assets/Cartoon Temple Building Kit/Prefabs/Decorative Prefabs/Misc/Torch.prefab using Guid(a78bc141566400c40a7a5d69f9f1439b) Importer(815301076,1909f56bfc062723c751e8b465ee728b)  -> (artifact id: 'e93a58f14aec1ef1d4f66fd1abdb48a2') in 0.016071 seconds 
========================================================================
Received Import Request.
  Time since last request: 2.625447 seconds.
  path: Assets/Cartoon Temple Building Kit/Prefabs/Decorative Prefabs/Misc/Torch.prefab
  artifactKey: Guid(a78bc141566400c40a7a5d69f9f1439b) Importer(815301076,1909f56bfc062723c751e8b465ee728b)
Start importing Assets/Cartoon Temple Building Kit/Prefabs/Decorative Prefabs/Misc/Torch.prefab using Guid(a78bc141566400c40a7a5d69f9f1439b) Importer(815301076,1909f56bfc062723c751e8b465ee728b)  -> (artifact id: '4c29cedebfb9dbf5311b77aa8bf7895d') in 0.015454 seconds 
========================================================================
Received Import Request.
  Time since last request: 6.077018 seconds.
  path: Assets/Cartoon Temple Building Kit/Prefabs/Decorative Prefabs/Misc/Torch.prefab
  artifactKey: Guid(a78bc141566400c40a7a5d69f9f1439b) Importer(815301076,1909f56bfc062723c751e8b465ee728b)
Start importing Assets/Cartoon Temple Building Kit/Prefabs/Decorative Prefabs/Misc/Torch.prefab using Guid(a78bc141566400c40a7a5d69f9f1439b) Importer(815301076,1909f56bfc062723c751e8b465ee728b)  -> (artifact id: 'b6b3868f5fcdee55e99bdcbcc5def4fd') in 0.015494 seconds 
========================================================================
Received Import Request.
  Time since last request: 1.791219 seconds.
  path: Assets/Cartoon Temple Building Kit/Prefabs/Decorative Prefabs/Misc/Torch.prefab
  artifactKey: Guid(a78bc141566400c40a7a5d69f9f1439b) Importer(815301076,1909f56bfc062723c751e8b465ee728b)
Start importing Assets/Cartoon Temple Building Kit/Prefabs/Decorative Prefabs/Misc/Torch.prefab using Guid(a78bc141566400c40a7a5d69f9f1439b) Importer(815301076,1909f56bfc062723c751e8b465ee728b)  -> (artifact id: 'cae90ea938fd8d414b232753a354abc1') in 0.015554 seconds 
========================================================================
Received Import Request.
  Time since last request: 2.401831 seconds.
  path: Assets/Cartoon Temple Building Kit/Prefabs/Decorative Prefabs/Misc/Torch.prefab
  artifactKey: Guid(a78bc141566400c40a7a5d69f9f1439b) Importer(815301076,1909f56bfc062723c751e8b465ee728b)
Start importing Assets/Cartoon Temple Building Kit/Prefabs/Decorative Prefabs/Misc/Torch.prefab using Guid(a78bc141566400c40a7a5d69f9f1439b) Importer(815301076,1909f56bfc062723c751e8b465ee728b)  -> (artifact id: 'd4ac692c20c4620047b6318c62dd268d') in 0.014647 seconds 
========================================================================
Received Import Request.
  Time since last request: 9.316539 seconds.
  path: Assets/Cartoon Temple Building Kit/Prefabs/Decorative Prefabs/Misc/Torch.prefab
  artifactKey: Guid(a78bc141566400c40a7a5d69f9f1439b) Importer(815301076,1909f56bfc062723c751e8b465ee728b)
Start importing Assets/Cartoon Temple Building Kit/Prefabs/Decorative Prefabs/Misc/Torch.prefab using Guid(a78bc141566400c40a7a5d69f9f1439b) Importer(815301076,1909f56bfc062723c751e8b465ee728b)  -> (artifact id: '7fcbdbbc0a928f69a57afa0d6917d074') in 0.015599 seconds 
========================================================================
Received Prepare
Registering precompiled user dll's ...
Registered in 0.007350 seconds.
Begin MonoManager ReloadAssembly
Symbol file LoadedFromMemory doesn't match image C:\Users\sschn\OneDrive\Documents\GitHub\BloodGame\Practicle-Scripting\Library\PackageCache\com.unity.visualscripting@1.6.1\Editor\VisualScripting.Core\Dependencies\YamlDotNet\Unity.VisualScripting.YamlDotNet.dll
Symbol file LoadedFromMemory doesn't match image C:\Users\sschn\OneDrive\Documents\GitHub\BloodGame\Practicle-Scripting\Library\PackageCache\com.unity.visualscripting@1.6.1\Editor\VisualScripting.Core\Dependencies\DotNetZip\Unity.VisualScripting.IonicZip.dll
Native extension for WindowsStandalone target not found
Refreshing native plugins compatible for Editor in 1.61 ms, found 3 plugins.
Preloading 0 native plugins for Editor in 0.00 ms.
Warning: Annotation not found!
UnityEngine.StackTraceUtility:ExtractStackTrace ()
UnityEditor.ProBuilder.EditorUtility:SetGizmoIconEnabled (System.Type,bool) (at Library/PackageCache/com.unity.probuilder@5.0.3/Editor/EditorCore/EditorUtility.cs:575)
UnityEditor.ProBuilder.HierarchyListener:.cctor () (at Library/PackageCache/com.unity.probuilder@5.0.3/Editor/EditorCore/HierarchyListener.cs:21)
System.Runtime.CompilerServices.RuntimeHelpers:RunClassConstructor (System.RuntimeTypeHandle)
UnityEditor.EditorAssemblies:ProcessInitializeOnLoadAttributes (System.Type[])

[Library/PackageCache/com.unity.probuilder@5.0.3/Editor/EditorCore/EditorUtility.cs line 575]

Mono: successfully reloaded assembly
- Completed reload, in  1.377 seconds
Domain Reload Profiling:
	ReloadAssembly (1378ms)
		BeginReloadAssembly (139ms)
			ExecutionOrderSort (0ms)
			DisableScriptedObjects (8ms)
			BackupInstance (0ms)
			ReleaseScriptingObjects (0ms)
			CreateAndSetChildDomain (45ms)
		EndReloadAssembly (1179ms)
			LoadAssemblies (109ms)
			RebuildTransferFunctionScriptingTraits (0ms)
			SetupTypeCache (397ms)
			ReleaseScriptCaches (2ms)
			RebuildScriptCaches (53ms)
			SetupLoadedEditorAssemblies (467ms)
				LogAssemblyErrors (0ms)
				InitializePlatformSupportModulesInManaged (5ms)
				SetLoadedEditorAssemblies (1ms)
				RefreshPlugins (2ms)
				BeforeProcessingInitializeOnLoad (89ms)
				ProcessInitializeOnLoadAttributes (357ms)
				ProcessInitializeOnLoadMethodAttributes (6ms)
				AfterProcessingInitializeOnLoad (7ms)
				EditorAssembliesLoaded (0ms)
			ExecutionOrderSort2 (0ms)
			AwakeInstancesAfterBackupRestoration (19ms)
Platform modules already initialized, skipping
Refreshing native plugins compatible for Editor in 0.97 ms, found 3 plugins.
Preloading 0 native plugins for Editor in 0.00 ms.
Unloading 4816 Unused Serialized files (Serialized files now loaded: 0)
System memory in use before: 212.8 MB.
System memory in use after: 213.2 MB.

Unloading 22 unused Assets to reduce memory usage. Loaded Objects now: 5651.
Total: 4.360100 ms (FindLiveObjects: 0.392900 ms CreateObjectMapping: 0.243900 ms MarkObjects: 3.653300 ms  DeleteObjects: 0.069400 ms)

AssetImportParameters requested are different than current active one (requested -> active):
  custom:framework-win-MediaFoundation: 216162199b28c13a410421893ffa2e32 -> 
  custom:video-decoder-ogg-theora: a1e56fd34408186e4bbccfd4996cb3dc -> 
  custom:container-muxer-webm: aa71ff27fc2769a1b78a27578f13a17b -> 
  custom:container-demuxer-webm: 4f35f7cbe854078d1ac9338744f61a02 -> 
  custom:container-demuxer-ogg: 62fdf1f143b41e24485cea50d1cbac27 -> 
  custom:video-encoder-webm-vp8: eb34c28f22e8b96e1ab97ce403110664 -> 
  custom:video-codec-MediaFoundation-h265: 746d11721c4dcdbdad8f713fa42b33f4 -> 
  custom:video-decoder-webm-vp8: 9c59270c3fd7afecdb556c50c9e8de78 -> 
  custom:audio-decoder-ogg-vorbis: bf7c407c2cedff20999df2af8eb42d56 -> 
  custom:audio-encoder-webm-vorbis: bf7c407c2cedff20999df2af8eb42d56 -> 
========================================================================
Received Prepare
Registering precompiled user dll's ...
Registered in 0.007467 seconds.
Begin MonoManager ReloadAssembly
Symbol file LoadedFromMemory doesn't match image C:\Users\sschn\OneDrive\Documents\GitHub\BloodGame\Practicle-Scripting\Library\PackageCache\com.unity.visualscripting@1.6.1\Editor\VisualScripting.Core\Dependencies\YamlDotNet\Unity.VisualScripting.YamlDotNet.dll
Symbol file LoadedFromMemory doesn't match image C:\Users\sschn\OneDrive\Documents\GitHub\BloodGame\Practicle-Scripting\Library\PackageCache\com.unity.visualscripting@1.6.1\Editor\VisualScripting.Core\Dependencies\DotNetZip\Unity.VisualScripting.IonicZip.dll
Native extension for WindowsStandalone target not found
Refreshing native plugins compatible for Editor in 1.52 ms, found 3 plugins.
Preloading 0 native plugins for Editor in 0.00 ms.
Warning: Annotation not found!
UnityEngine.StackTraceUtility:ExtractStackTrace ()
UnityEditor.ProBuilder.EditorUtility:SetGizmoIconEnabled (System.Type,bool) (at Library/PackageCache/com.unity.probuilder@5.0.3/Editor/EditorCore/EditorUtility.cs:575)
UnityEditor.ProBuilder.HierarchyListener:.cctor () (at Library/PackageCache/com.unity.probuilder@5.0.3/Editor/EditorCore/HierarchyListener.cs:21)
System.Runtime.CompilerServices.RuntimeHelpers:RunClassConstructor (System.RuntimeTypeHandle)
UnityEditor.EditorAssemblies:ProcessInitializeOnLoadAttributes (System.Type[])

[Library/PackageCache/com.unity.probuilder@5.0.3/Editor/EditorCore/EditorUtility.cs line 575]

Mono: successfully reloaded assembly
- Completed reload, in  1.448 seconds
Domain Reload Profiling:
	ReloadAssembly (1448ms)
		BeginReloadAssembly (146ms)
			ExecutionOrderSort (0ms)
			DisableScriptedObjects (7ms)
			BackupInstance (0ms)
			ReleaseScriptingObjects (0ms)
			CreateAndSetChildDomain (44ms)
		EndReloadAssembly (1234ms)
			LoadAssemblies (116ms)
			RebuildTransferFunctionScriptingTraits (0ms)
			SetupTypeCache (432ms)
			ReleaseScriptCaches (2ms)
			RebuildScriptCaches (55ms)
			SetupLoadedEditorAssemblies (475ms)
				LogAssemblyErrors (0ms)
				InitializePlatformSupportModulesInManaged (6ms)
				SetLoadedEditorAssemblies (1ms)
				RefreshPlugins (2ms)
				BeforeProcessingInitializeOnLoad (98ms)
				ProcessInitializeOnLoadAttributes (355ms)
				ProcessInitializeOnLoadMethodAttributes (6ms)
				AfterProcessingInitializeOnLoad (8ms)
				EditorAssembliesLoaded (0ms)
			ExecutionOrderSort2 (0ms)
			AwakeInstancesAfterBackupRestoration (21ms)
Platform modules already initialized, skipping
Refreshing native plugins compatible for Editor in 1.11 ms, found 3 plugins.
Preloading 0 native plugins for Editor in 0.00 ms.
Unloading 4816 Unused Serialized files (Serialized files now loaded: 0)
System memory in use before: 212.8 MB.
System memory in use after: 213.2 MB.

Unloading 22 unused Assets to reduce memory usage. Loaded Objects now: 5653.
Total: 6.645800 ms (FindLiveObjects: 0.453700 ms CreateObjectMapping: 0.456600 ms MarkObjects: 5.655900 ms  DeleteObjects: 0.078100 ms)

AssetImportParameters requested are different than current active one (requested -> active):
  custom:framework-win-MediaFoundation: 216162199b28c13a410421893ffa2e32 -> 
  custom:video-decoder-ogg-theora: a1e56fd34408186e4bbccfd4996cb3dc -> 
  custom:container-muxer-webm: aa71ff27fc2769a1b78a27578f13a17b -> 
  custom:container-demuxer-webm: 4f35f7cbe854078d1ac9338744f61a02 -> 
  custom:container-demuxer-ogg: 62fdf1f143b41e24485cea50d1cbac27 -> 
  custom:video-encoder-webm-vp8: eb34c28f22e8b96e1ab97ce403110664 -> 
  custom:video-codec-MediaFoundation-h265: 746d11721c4dcdbdad8f713fa42b33f4 -> 
  custom:video-decoder-webm-vp8: 9c59270c3fd7afecdb556c50c9e8de78 -> 
  custom:audio-decoder-ogg-vorbis: bf7c407c2cedff20999df2af8eb42d56 -> 
  custom:audio-encoder-webm-vorbis: bf7c407c2cedff20999df2af8eb42d56 -> 
========================================================================
Received Prepare
Registering precompiled user dll's ...
Registered in 0.007480 seconds.
Begin MonoManager ReloadAssembly
Symbol file LoadedFromMemory doesn't match image C:\Users\sschn\OneDrive\Documents\GitHub\BloodGame\Practicle-Scripting\Library\PackageCache\com.unity.visualscripting@1.6.1\Editor\VisualScripting.Core\Dependencies\YamlDotNet\Unity.VisualScripting.YamlDotNet.dll
Symbol file LoadedFromMemory doesn't match image C:\Users\sschn\OneDrive\Documents\GitHub\BloodGame\Practicle-Scripting\Library\PackageCache\com.unity.visualscripting@1.6.1\Editor\VisualScripting.Core\Dependencies\DotNetZip\Unity.VisualScripting.IonicZip.dll
Native extension for WindowsStandalone target not found
Refreshing native plugins compatible for Editor in 1.20 ms, found 3 plugins.
Preloading 0 native plugins for Editor in 0.00 ms.
Warning: Annotation not found!
UnityEngine.StackTraceUtility:ExtractStackTrace ()
UnityEditor.ProBuilder.EditorUtility:SetGizmoIconEnabled (System.Type,bool) (at Library/PackageCache/com.unity.probuilder@5.0.3/Editor/EditorCore/EditorUtility.cs:575)
UnityEditor.ProBuilder.HierarchyListener:.cctor () (at Library/PackageCache/com.unity.probuilder@5.0.3/Editor/EditorCore/HierarchyListener.cs:21)
System.Runtime.CompilerServices.RuntimeHelpers:RunClassConstructor (System.RuntimeTypeHandle)
UnityEditor.EditorAssemblies:ProcessInitializeOnLoadAttributes (System.Type[])

[Library/PackageCache/com.unity.probuilder@5.0.3/Editor/EditorCore/EditorUtility.cs line 575]

Mono: successfully reloaded assembly
- Completed reload, in  1.564 seconds
Domain Reload Profiling:
	ReloadAssembly (1565ms)
		BeginReloadAssembly (154ms)
			ExecutionOrderSort (0ms)
			DisableScriptedObjects (7ms)
			BackupInstance (0ms)
			ReleaseScriptingObjects (0ms)
			CreateAndSetChildDomain (46ms)
		EndReloadAssembly (1338ms)
			LoadAssemblies (128ms)
			RebuildTransferFunctionScriptingTraits (0ms)
			SetupTypeCache (463ms)
			ReleaseScriptCaches (2ms)
			RebuildScriptCaches (60ms)
			SetupLoadedEditorAssemblies (516ms)
				LogAssemblyErrors (0ms)
				InitializePlatformSupportModulesInManaged (6ms)
				SetLoadedEditorAssemblies (0ms)
				RefreshPlugins (1ms)
				BeforeProcessingInitializeOnLoad (98ms)
				ProcessInitializeOnLoadAttributes (395ms)
				ProcessInitializeOnLoadMethodAttributes (6ms)
				AfterProcessingInitializeOnLoad (8ms)
				EditorAssembliesLoaded (1ms)
			ExecutionOrderSort2 (0ms)
			AwakeInstancesAfterBackupRestoration (22ms)
Platform modules already initialized, skipping
Refreshing native plugins compatible for Editor in 1.19 ms, found 3 plugins.
Preloading 0 native plugins for Editor in 0.00 ms.
Unloading 4816 Unused Serialized files (Serialized files now loaded: 0)
System memory in use before: 212.8 MB.
System memory in use after: 213.2 MB.

Unloading 22 unused Assets to reduce memory usage. Loaded Objects now: 5655.
Total: 5.767900 ms (FindLiveObjects: 0.532500 ms CreateObjectMapping: 0.641900 ms MarkObjects: 4.510800 ms  DeleteObjects: 0.080800 ms)

AssetImportParameters requested are different than current active one (requested -> active):
  custom:framework-win-MediaFoundation: 216162199b28c13a410421893ffa2e32 -> 
  custom:video-decoder-ogg-theora: a1e56fd34408186e4bbccfd4996cb3dc -> 
  custom:container-muxer-webm: aa71ff27fc2769a1b78a27578f13a17b -> 
  custom:container-demuxer-webm: 4f35f7cbe854078d1ac9338744f61a02 -> 
  custom:container-demuxer-ogg: 62fdf1f143b41e24485cea50d1cbac27 -> 
  custom:video-encoder-webm-vp8: eb34c28f22e8b96e1ab97ce403110664 -> 
  custom:video-codec-MediaFoundation-h265: 746d11721c4dcdbdad8f713fa42b33f4 -> 
  custom:video-decoder-webm-vp8: 9c59270c3fd7afecdb556c50c9e8de78 -> 
  custom:audio-decoder-ogg-vorbis: bf7c407c2cedff20999df2af8eb42d56 -> 
  custom:audio-encoder-webm-vorbis: bf7c407c2cedff20999df2af8eb42d56 -> 
========================================================================
Received Import Request.
  Time since last request: 2114.190900 seconds.
  path: Assets/FPS Kit/FPS
  artifactKey: Guid(50cf0c09de57fb64db657a17fd2dfc67) Importer(815301076,1909f56bfc062723c751e8b465ee728b)
Start importing Assets/FPS Kit/FPS using Guid(50cf0c09de57fb64db657a17fd2dfc67) Importer(815301076,1909f56bfc062723c751e8b465ee728b)  -> (artifact id: 'aaea661f0af671723d7f1f9b9143a4fc') in 0.013447 seconds 
========================================================================
Received Import Request.
  Time since last request: 1.129110 seconds.
  path: Assets/FPS Kit/FPS/Prefabs
  artifactKey: Guid(65b43a85cb457704a8b23d16f6f85da7) Importer(815301076,1909f56bfc062723c751e8b465ee728b)
Start importing Assets/FPS Kit/FPS/Prefabs using Guid(65b43a85cb457704a8b23d16f6f85da7) Importer(815301076,1909f56bfc062723c751e8b465ee728b)  -> (artifact id: '0731a99dc3421f7e199414cb52f2a35e') in 0.005422 seconds 
========================================================================
Received Import Request.
  Time since last request: 0.049120 seconds.
  path: Assets/FPS Kit/FPS/Prefabs/Cube.prefab
  artifactKey: Guid(cf7e257d2b255a84499370f200689835) Importer(815301076,1909f56bfc062723c751e8b465ee728b)
Start importing Assets/FPS Kit/FPS/Prefabs/Cube.prefab using Guid(cf7e257d2b255a84499370f200689835) Importer(815301076,1909f56bfc062723c751e8b465ee728b)  -> (artifact id: '565ec6358cafb00d3c94a35db058fb30') in 0.037943 seconds 
========================================================================
Received Import Request.
  Time since last request: 0.000266 seconds.
  path: Assets/FPS Kit/FPS/Prefabs/ObjectiveKillEnemies.prefab
  artifactKey: Guid(012d63212fd1fe646b661cb8446c7bd4) Importer(815301076,1909f56bfc062723c751e8b465ee728b)
Start importing Assets/FPS Kit/FPS/Prefabs/ObjectiveKillEnemies.prefab using Guid(012d63212fd1fe646b661cb8446c7bd4) Importer(815301076,1909f56bfc062723c751e8b465ee728b)  -> (artifact id: '556dd2c6cddea2bb43bc4a328873c053') in 0.008058 seconds 
========================================================================
Received Import Request.
  Time since last request: 0.000293 seconds.
  path: Assets/FPS Kit/FPS/Prefabs/Player.prefab
  artifactKey: Guid(761cdc9e4e883334cbdcea062d0befa7) Importer(815301076,1909f56bfc062723c751e8b465ee728b)
Start importing Assets/FPS Kit/FPS/Prefabs/Player.prefab using Guid(761cdc9e4e883334cbdcea062d0befa7) Importer(815301076,1909f56bfc062723c751e8b465ee728b)  -> (artifact id: 'd3315be3c0521baefe10ddfdb02a830d') in 0.157992 seconds 
========================================================================
Received Import Request.
  Time since last request: 0.000310 seconds.
  path: Assets/FPS Kit/FPS/Prefabs/Level Setup.prefab
  artifactKey: Guid(a4c4a777347134642bbffdd31baa7781) Importer(815301076,1909f56bfc062723c751e8b465ee728b)
Start importing Assets/FPS Kit/FPS/Prefabs/Level Setup.prefab using Guid(a4c4a777347134642bbffdd31baa7781) Importer(815301076,1909f56bfc062723c751e8b465ee728b)  -> (artifact id: '34f0f091fbb6998ebc4f525294346d53') in 0.135565 seconds 
========================================================================
Received Import Request.
  Time since last request: 0.000261 seconds.
  path: Assets/FPS Kit/FPS/Prefabs/ObjectiveReachPoint.prefab
  artifactKey: Guid(d401b602eddc4e449b385a053f012a4c) Importer(815301076,1909f56bfc062723c751e8b465ee728b)
Start importing Assets/FPS Kit/FPS/Prefabs/ObjectiveReachPoint.prefab using Guid(d401b602eddc4e449b385a053f012a4c) Importer(815301076,1909f56bfc062723c751e8b465ee728b)  -> (artifact id: '970159bd4a1b32d408fb07a16940e452') in 0.120109 seconds 
========================================================================
Received Import Request.
  Time since last request: 0.000218 seconds.
  path: Assets/FPS Kit/FPS/Prefabs/DebugTeleportPlayer.prefab
  artifactKey: Guid(fe7e09d3ff741dc4285ddf0ed3ef03ac) Importer(815301076,1909f56bfc062723c751e8b465ee728b)
Start importing Assets/FPS Kit/FPS/Prefabs/DebugTeleportPlayer.prefab using Guid(fe7e09d3ff741dc4285ddf0ed3ef03ac) Importer(815301076,1909f56bfc062723c751e8b465ee728b)  -> (artifact id: '519390f12ff8543bb2b2fe38563a4759') in 0.028126 seconds 
========================================================================
Received Import Request.
  Time since last request: 0.000180 seconds.
  path: Assets/FPS Kit/FPS/Prefabs/GameManager.prefab
  artifactKey: Guid(c996b53e9f849234393d1e90f68d1679) Importer(815301076,1909f56bfc062723c751e8b465ee728b)
Start importing Assets/FPS Kit/FPS/Prefabs/GameManager.prefab using Guid(c996b53e9f849234393d1e90f68d1679) Importer(815301076,1909f56bfc062723c751e8b465ee728b)  -> (artifact id: '0c21e0e763e72339997585367ef31bae') in 0.054044 seconds 
========================================================================
Received Import Request.
  Time since last request: 0.000303 seconds.
  path: Assets/FPS Kit/FPS/Prefabs/ObjectivePickupItem.prefab
  artifactKey: Guid(a5e57422b1d4cd7418d7bd6037f5a604) Importer(815301076,1909f56bfc062723c751e8b465ee728b)
Start importing Assets/FPS Kit/FPS/Prefabs/ObjectivePickupItem.prefab using Guid(a5e57422b1d4cd7418d7bd6037f5a604) Importer(815301076,1909f56bfc062723c751e8b465ee728b)  -> (artifact id: '4213d0ca17932e62977f2b47e24d289c') in 0.008528 seconds 
========================================================================
Received Import Request.
  Time since last request: 10.214215 seconds.
  path: Assets/FPS Kit/FPS/Prefabs/PBObjects
  artifactKey: Guid(f28a5be2d726a80419b8c65e29a34d5f) Importer(815301076,1909f56bfc062723c751e8b465ee728b)
Start importing Assets/FPS Kit/FPS/Prefabs/PBObjects using Guid(f28a5be2d726a80419b8c65e29a34d5f) Importer(815301076,1909f56bfc062723c751e8b465ee728b)  -> (artifact id: '9f831d32aae11e8e4cccf1b438455735') in 0.014746 seconds 
========================================================================
Received Import Request.
  Time since last request: 13.081335 seconds.
  path: Assets/FPS Kit/FPS/Prefabs/RootObjects/OBJAltar.obj
  artifactKey: Guid(5e2d72411753da244851ae358f741a58) Importer(815301076,1909f56bfc062723c751e8b465ee728b)
Start importing Assets/FPS Kit/FPS/Prefabs/RootObjects/OBJAltar.obj using Guid(5e2d72411753da244851ae358f741a58) Importer(815301076,1909f56bfc062723c751e8b465ee728b)  -> (artifact id: '8a171fb58ad8a9f82f2ed208443a120c') in 0.163885 seconds 
========================================================================
Received Import Request.
  Time since last request: 0.000252 seconds.
  path: Assets/FPS Kit/FPS/Prefabs/RootObjects/OBJRamp_8m.obj
  artifactKey: Guid(b13f5faa09e1e184290877278ca51839) Importer(815301076,1909f56bfc062723c751e8b465ee728b)
Start importing Assets/FPS Kit/FPS/Prefabs/RootObjects/OBJRamp_8m.obj using Guid(b13f5faa09e1e184290877278ca51839) Importer(815301076,1909f56bfc062723c751e8b465ee728b)  -> (artifact id: '73c0803c47c6523930e1fd99b46dae28') in 0.257809 seconds 
========================================================================
Received Import Request.
  Time since last request: 0.000273 seconds.
  path: Assets/FPS Kit/FPS/Prefabs/RootObjects/OBJWall_4m.obj
  artifactKey: Guid(3a5510c8020397346b8db5d31aed01ac) Importer(815301076,1909f56bfc062723c751e8b465ee728b)
Start importing Assets/FPS Kit/FPS/Prefabs/RootObjects/OBJWall_4m.obj using Guid(3a5510c8020397346b8db5d31aed01ac) Importer(815301076,1909f56bfc062723c751e8b465ee728b)  -> (artifact id: 'aece5befc5dc39a2a5a396628c6b68d7') in 0.026718 seconds 
========================================================================
Received Import Request.
  Time since last request: 0.000315 seconds.
  path: Assets/FPS Kit/FPS/Prefabs/RootObjects/OBJWall_1m.obj
  artifactKey: Guid(045caaf225a94314da92f49a829f116c) Importer(815301076,1909f56bfc062723c751e8b465ee728b)
Start importing Assets/FPS Kit/FPS/Prefabs/RootObjects/OBJWall_1m.obj using Guid(045caaf225a94314da92f49a829f116c) Importer(815301076,1909f56bfc062723c751e8b465ee728b)  -> (artifact id: '5444d201c2e83ee7bc0a8ebec5f62f7d') in 0.018542 seconds 
========================================================================
Received Import Request.
  Time since last request: 0.000267 seconds.
  path: Assets/FPS Kit/FPS/Prefabs/RootObjects/OBJWall_Door.obj
  artifactKey: Guid(c84a4eb9153fdc04b8a0150af1de6902) Importer(815301076,1909f56bfc062723c751e8b465ee728b)
Start importing Assets/FPS Kit/FPS/Prefabs/RootObjects/OBJWall_Door.obj using Guid(c84a4eb9153fdc04b8a0150af1de6902) Importer(815301076,1909f56bfc062723c751e8b465ee728b)  -> (artifact id: 'a5b4dc0d8d4d660602357295a8c6c9e2') in 0.027840 seconds 
========================================================================
Received Import Request.
  Time since last request: 0.000367 seconds.
  path: Assets/FPS Kit/FPS/Prefabs/RootObjects/OBJDun_BigDoor.obj
  artifactKey: Guid(be360768de4eef5438409a0ecb7effcc) Importer(815301076,1909f56bfc062723c751e8b465ee728b)
Start importing Assets/FPS Kit/FPS/Prefabs/RootObjects/OBJDun_BigDoor.obj using Guid(be360768de4eef5438409a0ecb7effcc) Importer(815301076,1909f56bfc062723c751e8b465ee728b)  -> (artifact id: '1b5b1e82cae74b5f5226e8c718819b55') in 0.022045 seconds 
========================================================================
Received Import Request.
  Time since last request: 0.000248 seconds.
  path: Assets/FPS Kit/FPS/Prefabs/RootObjects/OBJRamp_3m.obj
  artifactKey: Guid(becd2f1944aa3ad469bf5b7846ef665b) Importer(815301076,1909f56bfc062723c751e8b465ee728b)
Start importing Assets/FPS Kit/FPS/Prefabs/RootObjects/OBJRamp_3m.obj using Guid(becd2f1944aa3ad469bf5b7846ef665b) Importer(815301076,1909f56bfc062723c751e8b465ee728b)  -> (artifact id: 'f483ab7e59513d8626856e742f94f69c') in 0.034237 seconds 
========================================================================
Received Import Request.
  Time since last request: 0.000255 seconds.
  path: Assets/FPS Kit/FPS/Prefabs/RootObjects/OBJFloor_Indented.obj
  artifactKey: Guid(2307b738aa8971a44852d5e80de915ff) Importer(815301076,1909f56bfc062723c751e8b465ee728b)
Start importing Assets/FPS Kit/FPS/Prefabs/RootObjects/OBJFloor_Indented.obj using Guid(2307b738aa8971a44852d5e80de915ff) Importer(815301076,1909f56bfc062723c751e8b465ee728b)  -> (artifact id: '2524bf00861af06cbe9171283798b53c') in 0.026130 seconds 
========================================================================
Received Import Request.
  Time since last request: 0.000304 seconds.
  path: Assets/FPS Kit/FPS/Prefabs/RootObjects/OBJWall_DoorLarge.obj
  artifactKey: Guid(9666b3e5e6a511b46b236073a147d986) Importer(815301076,1909f56bfc062723c751e8b465ee728b)
Start importing Assets/FPS Kit/FPS/Prefabs/RootObjects/OBJWall_DoorLarge.obj using Guid(9666b3e5e6a511b46b236073a147d986) Importer(815301076,1909f56bfc062723c751e8b465ee728b)  -> (artifact id: 'e61dd89703e3b351676ea954c19a2687') in 0.025987 seconds 
========================================================================
Received Import Request.
  Time since last request: 0.000257 seconds.
  path: Assets/FPS Kit/FPS/Prefabs/RootObjects/OBJWall_Window.obj
  artifactKey: Guid(af4da4e5fdff6964e8044e498845e419) Importer(815301076,1909f56bfc062723c751e8b465ee728b)
Start importing Assets/FPS Kit/FPS/Prefabs/RootObjects/OBJWall_Window.obj using Guid(af4da4e5fdff6964e8044e498845e419) Importer(815301076,1909f56bfc062723c751e8b465ee728b)  -> (artifact id: '9ec8d34cbe73653aa44146ab9a4fad03') in 0.024104 seconds 
========================================================================
Received Import Request.
  Time since last request: 0.000265 seconds.
  path: Assets/FPS Kit/FPS/Prefabs/RootObjects/OBJFloor_HalfIndented.obj
  artifactKey: Guid(ec3c2a72cc5a5a643b9198c305d8cbbc) Importer(815301076,1909f56bfc062723c751e8b465ee728b)
Start importing Assets/FPS Kit/FPS/Prefabs/RootObjects/OBJFloor_HalfIndented.obj using Guid(ec3c2a72cc5a5a643b9198c305d8cbbc) Importer(815301076,1909f56bfc062723c751e8b465ee728b)  -> (artifact id: 'fdf5b9cbb2dd12cdab31b7e0fa815ad4') in 0.021312 seconds 
========================================================================
Received Import Request.
  Time since last request: 0.000264 seconds.
  path: Assets/FPS Kit/FPS/Prefabs/RootObjects/OBJRamp_4m.obj
  artifactKey: Guid(22fd404f75517024ca75ed6ea174002e) Importer(815301076,1909f56bfc062723c751e8b465ee728b)
Start importing Assets/FPS Kit/FPS/Prefabs/RootObjects/OBJRamp_4m.obj using Guid(22fd404f75517024ca75ed6ea174002e) Importer(815301076,1909f56bfc062723c751e8b465ee728b)  -> (artifact id: 'b8b893b2711da359c47bc26a321294d1') in 0.022078 seconds 
========================================================================
Received Import Request.
  Time since last request: 0.000250 seconds.
  path: Assets/FPS Kit/FPS/Prefabs/RootObjects/OBJBasic_Floor.obj
  artifactKey: Guid(b509642794356c148aba47d93d0e517f) Importer(815301076,1909f56bfc062723c751e8b465ee728b)
Start importing Assets/FPS Kit/FPS/Prefabs/RootObjects/OBJBasic_Floor.obj using Guid(b509642794356c148aba47d93d0e517f) Importer(815301076,1909f56bfc062723c751e8b465ee728b)  -> (artifact id: '26826d5dffb9a3376d1e39788cc034fd') in 0.017986 seconds 
========================================================================
Received Import Request.
  Time since last request: 2.037838 seconds.
  path: Assets/FPS Kit/FPS/Prefabs/Projectiles/Projectile_Blaster.prefab
  artifactKey: Guid(3c6b27d949cdda749892906e1f1d1b27) Importer(815301076,1909f56bfc062723c751e8b465ee728b)
Start importing Assets/FPS Kit/FPS/Prefabs/Projectiles/Projectile_Blaster.prefab using Guid(3c6b27d949cdda749892906e1f1d1b27) Importer(815301076,1909f56bfc062723c751e8b465ee728b)  -> (artifact id: 'd86e8f2a721c19fa2182b8e230cd794d') in 0.014259 seconds 
========================================================================
Received Import Request.
  Time since last request: 0.000289 seconds.
  path: Assets/FPS Kit/FPS/Prefabs/Projectiles/Projectile_Hoverbot.prefab
  artifactKey: Guid(ec753d54f333bb944b8b04884ad63828) Importer(815301076,1909f56bfc062723c751e8b465ee728b)
Start importing Assets/FPS Kit/FPS/Prefabs/Projectiles/Projectile_Hoverbot.prefab using Guid(ec753d54f333bb944b8b04884ad63828) Importer(815301076,1909f56bfc062723c751e8b465ee728b)  -> (artifact id: 'f60d4d40702b596a83fa249746b82052') in 0.015741 seconds 
========================================================================
Received Import Request.
  Time since last request: 0.000289 seconds.
  path: Assets/FPS Kit/FPS/Prefabs/Projectiles/Projectile_Shotgun.prefab
  artifactKey: Guid(f05c7e6fbbfbe824388456bb4abff9d4) Importer(815301076,1909f56bfc062723c751e8b465ee728b)
Start importing Assets/FPS Kit/FPS/Prefabs/Projectiles/Projectile_Shotgun.prefab using Guid(f05c7e6fbbfbe824388456bb4abff9d4) Importer(815301076,1909f56bfc062723c751e8b465ee728b)  -> (artifact id: 'dbc2a283164bdfecec259661bb520422') in 0.016369 seconds 
========================================================================
Received Import Request.
  Time since last request: 0.000282 seconds.
  path: Assets/FPS Kit/FPS/Prefabs/Projectiles/Projectile_Disc.prefab
  artifactKey: Guid(0e23901b938cf4f4eb86850d912715eb) Importer(815301076,1909f56bfc062723c751e8b465ee728b)
Start importing Assets/FPS Kit/FPS/Prefabs/Projectiles/Projectile_Disc.prefab using Guid(0e23901b938cf4f4eb86850d912715eb) Importer(815301076,1909f56bfc062723c751e8b465ee728b)  -> (artifact id: '43bb99448260f6762122c54a040d4677') in 0.025942 seconds 
========================================================================
Received Import Request.
  Time since last request: 0.000276 seconds.
  path: Assets/FPS Kit/FPS/Prefabs/Projectiles/Projectile_Turret.prefab
  artifactKey: Guid(154bfb4989fe16d439e8f3fb7c20b72b) Importer(815301076,1909f56bfc062723c751e8b465ee728b)
Start importing Assets/FPS Kit/FPS/Prefabs/Projectiles/Projectile_Turret.prefab using Guid(154bfb4989fe16d439e8f3fb7c20b72b) Importer(815301076,1909f56bfc062723c751e8b465ee728b)  -> (artifact id: '7d7b42d0b5472464fa88e138a4d6eb5a') in 0.012117 seconds 
========================================================================
Received Import Request.
  Time since last request: 1.869070 seconds.
  path: Assets/FPS Kit/FPS/Prefabs/Pickups/Loot_Health.prefab
  artifactKey: Guid(9973c412032becb4ca116ca08be62edf) Importer(815301076,1909f56bfc062723c751e8b465ee728b)
Start importing Assets/FPS Kit/FPS/Prefabs/Pickups/Loot_Health.prefab using Guid(9973c412032becb4ca116ca08be62edf) Importer(815301076,1909f56bfc062723c751e8b465ee728b)  -> (artifact id: 'f6da4b756a086e0c528ab017338bc12a') in 0.595373 seconds 
========================================================================
Received Import Request.
  Time since last request: 0.000269 seconds.
  path: Assets/FPS Kit/FPS/Prefabs/Pickups/Pickup_Blaster.prefab
  artifactKey: Guid(fe0bc5bbccc19ef47a15b81c0abbb779) Importer(815301076,1909f56bfc062723c751e8b465ee728b)
Start importing Assets/FPS Kit/FPS/Prefabs/Pickups/Pickup_Blaster.prefab using Guid(fe0bc5bbccc19ef47a15b81c0abbb779) Importer(815301076,1909f56bfc062723c751e8b465ee728b)  -> (artifact id: '5bbd5be5857707a6ca045dab4a69d276') in 0.035494 seconds 
========================================================================
Received Import Request.
  Time since last request: 0.000272 seconds.
  path: Assets/FPS Kit/FPS/Prefabs/Pickups/Pickup_Jetpack.prefab
  artifactKey: Guid(d771f03a2656e194fba5a444d5a3d9e7) Importer(815301076,1909f56bfc062723c751e8b465ee728b)
Start importing Assets/FPS Kit/FPS/Prefabs/Pickups/Pickup_Jetpack.prefab using Guid(d771f03a2656e194fba5a444d5a3d9e7) Importer(815301076,1909f56bfc062723c751e8b465ee728b)  -> (artifact id: '3d2c88defe3a31d28aa797963d225e5d') in 0.267170 seconds 
========================================================================
Received Import Request.
  Time since last request: 0.000257 seconds.
  path: Assets/FPS Kit/FPS/Prefabs/Pickups/Loot_Jetpack.prefab
  artifactKey: Guid(0bb4e7bdf1aec0247854edd179ed1557) Importer(815301076,1909f56bfc062723c751e8b465ee728b)
Start importing Assets/FPS Kit/FPS/Prefabs/Pickups/Loot_Jetpack.prefab using Guid(0bb4e7bdf1aec0247854edd179ed1557) Importer(815301076,1909f56bfc062723c751e8b465ee728b)  -> (artifact id: '3f0f4d349259bc973dc2371c5203f4d7') in 0.017585 seconds 
========================================================================
Received Import Request.
  Time since last request: 0.000270 seconds.
  path: Assets/FPS Kit/FPS/Prefabs/Pickups/Pickup_Health.prefab
  artifactKey: Guid(d40ae884302b6684a8b3b6f3d55a71ba) Importer(815301076,1909f56bfc062723c751e8b465ee728b)
Start importing Assets/FPS Kit/FPS/Prefabs/Pickups/Pickup_Health.prefab using Guid(d40ae884302b6684a8b3b6f3d55a71ba) Importer(815301076,1909f56bfc062723c751e8b465ee728b)  -> (artifact id: 'b748550c2eedeca8367048b0b84f7ced') in 0.016096 seconds 
========================================================================
Received Import Request.
  Time since last request: 0.000320 seconds.
  path: Assets/FPS Kit/FPS/Prefabs/Pickups/Pickup_Shotgun.prefab
  artifactKey: Guid(66d579771ab0ab94a92b3411ba179621) Importer(815301076,1909f56bfc062723c751e8b465ee728b)
Start importing Assets/FPS Kit/FPS/Prefabs/Pickups/Pickup_Shotgun.prefab using Guid(66d579771ab0ab94a92b3411ba179621) Importer(815301076,1909f56bfc062723c751e8b465ee728b)  -> (artifact id: '81cf716bf44aade1903beebf80b01b4b') in 0.253873 seconds 
========================================================================
Received Import Request.
  Time since last request: 0.000251 seconds.
  path: Assets/FPS Kit/FPS/Prefabs/Pickups/Pickup_Launcher.prefab
  artifactKey: Guid(a7fa348d53593bb42922672c6cf40651) Importer(815301076,1909f56bfc062723c751e8b465ee728b)
Start importing Assets/FPS Kit/FPS/Prefabs/Pickups/Pickup_Launcher.prefab using Guid(a7fa348d53593bb42922672c6cf40651) Importer(815301076,1909f56bfc062723c751e8b465ee728b)  -> (artifact id: '841f5f619c62214fb44b20d444cbaa7f') in 0.025239 seconds 
========================================================================
Received Import Request.
  Time since last request: 15.472123 seconds.
  path: Assets/Prefabs/Obstacles/Door Obstacle.prefab
  artifactKey: Guid(f9b14bd6d01c4bb4e9e9e63af9f37337) Importer(815301076,1909f56bfc062723c751e8b465ee728b)
Start importing Assets/Prefabs/Obstacles/Door Obstacle.prefab using Guid(f9b14bd6d01c4bb4e9e9e63af9f37337) Importer(815301076,1909f56bfc062723c751e8b465ee728b)  -> (artifact id: 'f595444e5c2db46acca564fb507531e0') in 0.033265 seconds 
========================================================================
Received Import Request.
  Time since last request: 0.000298 seconds.
  path: Assets/FPS Kit/FPS/Prefabs/Level/Dungeon/Dun_BigDoor.prefab
  artifactKey: Guid(7bb3ef68f11ffa04fac728ad3fdaccc7) Importer(815301076,1909f56bfc062723c751e8b465ee728b)
Start importing Assets/FPS Kit/FPS/Prefabs/Level/Dungeon/Dun_BigDoor.prefab using Guid(7bb3ef68f11ffa04fac728ad3fdaccc7) Importer(815301076,1909f56bfc062723c751e8b465ee728b)  -> (artifact id: 'ae8359218b716381a81cefc9e00ef1b6') in 0.047392 seconds 
========================================================================
Received Import Request.
  Time since last request: 0.000261 seconds.
  path: Assets/FPS Kit/FPS/Prefabs/Level/Walls/Wall_Door.prefab
  artifactKey: Guid(6a26c84054df0e641b1d0f7c96d366e4) Importer(815301076,1909f56bfc062723c751e8b465ee728b)
Start importing Assets/FPS Kit/FPS/Prefabs/Level/Walls/Wall_Door.prefab using Guid(6a26c84054df0e641b1d0f7c96d366e4) Importer(815301076,1909f56bfc062723c751e8b465ee728b)  -> (artifact id: '3c15edad46e06d220054a6be7588d67a') in 0.013598 seconds 
========================================================================
Received Import Request.
  Time since last request: 0.000222 seconds.
  path: Assets/FPS Kit/FPS/Prefabs/PBObjects/Walls/PBDun_BigDoor.prefab
  artifactKey: Guid(f9c6acb4512286140ba3d80a15b53cc9) Importer(815301076,1909f56bfc062723c751e8b465ee728b)
Start importing Assets/FPS Kit/FPS/Prefabs/PBObjects/Walls/PBDun_BigDoor.prefab using Guid(f9c6acb4512286140ba3d80a15b53cc9) Importer(815301076,1909f56bfc062723c751e8b465ee728b)  -> (artifact id: '64ad118773988a4716d377ad4e71f472') in 0.012142 seconds 
========================================================================
Received Import Request.
  Time since last request: 0.000303 seconds.
  path: Assets/FPS Kit/FPS/Prefabs/Level/BaseObjects/Dun_BigDoor_Mesh.prefab
  artifactKey: Guid(7bc503aa9132b4e47a448315b66731b4) Importer(815301076,1909f56bfc062723c751e8b465ee728b)
Start importing Assets/FPS Kit/FPS/Prefabs/Level/BaseObjects/Dun_BigDoor_Mesh.prefab using Guid(7bc503aa9132b4e47a448315b66731b4) Importer(815301076,1909f56bfc062723c751e8b465ee728b)  -> (artifact id: '693b8cb91fcbd74ba5ac1e7aa767eaeb') in 0.011484 seconds 
========================================================================
Received Import Request.
  Time since last request: 0.000287 seconds.
  path: Assets/FPS Kit/FPS/Prefabs/PBObjects/Walls/PBWall_DoorLarge.prefab
  artifactKey: Guid(e37874e73755d3a4bac708180c83c7eb) Importer(815301076,1909f56bfc062723c751e8b465ee728b)
Start importing Assets/FPS Kit/FPS/Prefabs/PBObjects/Walls/PBWall_DoorLarge.prefab using Guid(e37874e73755d3a4bac708180c83c7eb) Importer(815301076,1909f56bfc062723c751e8b465ee728b)  -> (artifact id: '4e7b517a6aabfbebd0103b0e347c73a7') in 0.007659 seconds 
========================================================================
Received Import Request.
  Time since last request: 0.000250 seconds.
  path: Assets/FPS Kit/FPS/Prefabs/Level/BaseObjects/Wall_DoorLarge_Mesh.prefab
  artifactKey: Guid(7673a77408601704487f600510222da0) Importer(815301076,1909f56bfc062723c751e8b465ee728b)
Start importing Assets/FPS Kit/FPS/Prefabs/Level/BaseObjects/Wall_DoorLarge_Mesh.prefab using Guid(7673a77408601704487f600510222da0) Importer(815301076,1909f56bfc062723c751e8b465ee728b)  -> (artifact id: '162a2241cc25aeb31addf6889bd649ad') in 0.012113 seconds 
========================================================================
Received Import Request.
  Time since last request: 0.000274 seconds.
  path: Assets/FPS Kit/FPS/Prefabs/PBObjects/Walls/PBWall_Door.prefab
  artifactKey: Guid(b7c7b6c607e55b347bdb24a084808fb7) Importer(815301076,1909f56bfc062723c751e8b465ee728b)
Start importing Assets/FPS Kit/FPS/Prefabs/PBObjects/Walls/PBWall_Door.prefab using Guid(b7c7b6c607e55b347bdb24a084808fb7) Importer(815301076,1909f56bfc062723c751e8b465ee728b)  -> (artifact id: '767b8a12490359f3c8a405ea121fea0a') in 0.008051 seconds 
========================================================================
Received Import Request.
  Time since last request: 0.000266 seconds.
  path: Assets/FPS Kit/FPS/Prefabs/Level/BaseObjects/Wall_Door_Mesh.prefab
  artifactKey: Guid(81f93335543589a4f91b584e567ac59e) Importer(815301076,1909f56bfc062723c751e8b465ee728b)
Start importing Assets/FPS Kit/FPS/Prefabs/Level/BaseObjects/Wall_Door_Mesh.prefab using Guid(81f93335543589a4f91b584e567ac59e) Importer(815301076,1909f56bfc062723c751e8b465ee728b)  -> (artifact id: 'd9f1e74f6bd9bdf24d3c05dd1c271589') in 0.011462 seconds 
========================================================================
Received Import Request.
  Time since last request: 0.000247 seconds.
  path: Assets/FPS Kit/FPS/Prefabs/Level/Walls/Wall_DoorLarge.prefab
  artifactKey: Guid(91732847dbb8d924185dc7bf4516509c) Importer(815301076,1909f56bfc062723c751e8b465ee728b)
Start importing Assets/FPS Kit/FPS/Prefabs/Level/Walls/Wall_DoorLarge.prefab using Guid(91732847dbb8d924185dc7bf4516509c) Importer(815301076,1909f56bfc062723c751e8b465ee728b)  -> (artifact id: '42175b8807460325cf320834c7fe89cb') in 0.010855 seconds 
========================================================================
Received Import Request.
  Time since last request: 139.290283 seconds.
  path: Assets/Materials/Water.mat
  artifactKey: Guid(f9ff51998c57f0b44b4eeb1606b6cc77) Importer(815301076,1909f56bfc062723c751e8b465ee728b)
Start importing Assets/Materials/Water.mat using Guid(f9ff51998c57f0b44b4eeb1606b6cc77) Importer(815301076,1909f56bfc062723c751e8b465ee728b)  -> (artifact id: '752dd1e884dea22042348848c948be63') in 0.013485 seconds 
========================================================================
Received Import Request.
  Time since last request: 9.068382 seconds.
  path: Assets/Materials/DoorSymbol.mat
  artifactKey: Guid(8f99cbbf4cd9f1a4e9ae012eff32d1bb) Importer(815301076,1909f56bfc062723c751e8b465ee728b)
Start importing Assets/Materials/DoorSymbol.mat using Guid(8f99cbbf4cd9f1a4e9ae012eff32d1bb) Importer(815301076,1909f56bfc062723c751e8b465ee728b)  -> (artifact id: '008f964bbe1db184b2462e497ff67e57') in 0.011945 seconds 
========================================================================
Received Import Request.
  Time since last request: 60.378978 seconds.
  path: Assets/Materials/DoorSymbol.mat
  artifactKey: Guid(8f99cbbf4cd9f1a4e9ae012eff32d1bb) Importer(815301076,1909f56bfc062723c751e8b465ee728b)
Start importing Assets/Materials/DoorSymbol.mat using Guid(8f99cbbf4cd9f1a4e9ae012eff32d1bb) Importer(815301076,1909f56bfc062723c751e8b465ee728b)  -> (artifact id: '9d98b8d58aa2369483da237a0eecdff6') in 0.009635 seconds 
========================================================================
Received Import Request.
  Time since last request: 112.530977 seconds.
  path: Assets/Prefabs/Objectives
  artifactKey: Guid(da087b3c82c9db742a8a8ec7674ae957) Importer(815301076,1909f56bfc062723c751e8b465ee728b)
Start importing Assets/Prefabs/Objectives using Guid(da087b3c82c9db742a8a8ec7674ae957) Importer(815301076,1909f56bfc062723c751e8b465ee728b)  -> (artifact id: 'f3c9e860fb0ea6b21569c5576b994483') in 0.052270 seconds 
========================================================================
Received Import Request.
  Time since last request: 0.000304 seconds.
  path: Assets/Prefabs/Objectives/Objective_ Destroy Targets.prefab
  artifactKey: Guid(4ef21643817bc6548b28a5035fd6616f) Importer(815301076,1909f56bfc062723c751e8b465ee728b)
Start importing Assets/Prefabs/Objectives/Objective_ Destroy Targets.prefab using Guid(4ef21643817bc6548b28a5035fd6616f) Importer(815301076,1909f56bfc062723c751e8b465ee728b)  -> (artifact id: '15a9d6363e6fdc891cc8ec2e953007ee') in 0.011587 seconds 
========================================================================
Received Prepare
Registering precompiled user dll's ...
Registered in 0.006956 seconds.
Begin MonoManager ReloadAssembly
Symbol file LoadedFromMemory doesn't match image C:\Users\sschn\OneDrive\Documents\GitHub\BloodGame\Practicle-Scripting\Library\PackageCache\com.unity.visualscripting@1.6.1\Editor\VisualScripting.Core\Dependencies\YamlDotNet\Unity.VisualScripting.YamlDotNet.dll
Symbol file LoadedFromMemory doesn't match image C:\Users\sschn\OneDrive\Documents\GitHub\BloodGame\Practicle-Scripting\Library\PackageCache\com.unity.visualscripting@1.6.1\Editor\VisualScripting.Core\Dependencies\DotNetZip\Unity.VisualScripting.IonicZip.dll
Native extension for WindowsStandalone target not found
Refreshing native plugins compatible for Editor in 1.02 ms, found 3 plugins.
Preloading 0 native plugins for Editor in 0.00 ms.
Warning: Annotation not found!
UnityEngine.StackTraceUtility:ExtractStackTrace ()
UnityEditor.ProBuilder.EditorUtility:SetGizmoIconEnabled (System.Type,bool) (at Library/PackageCache/com.unity.probuilder@5.0.3/Editor/EditorCore/EditorUtility.cs:575)
UnityEditor.ProBuilder.HierarchyListener:.cctor () (at Library/PackageCache/com.unity.probuilder@5.0.3/Editor/EditorCore/HierarchyListener.cs:21)
System.Runtime.CompilerServices.RuntimeHelpers:RunClassConstructor (System.RuntimeTypeHandle)
UnityEditor.EditorAssemblies:ProcessInitializeOnLoadAttributes (System.Type[])

[Library/PackageCache/com.unity.probuilder@5.0.3/Editor/EditorCore/EditorUtility.cs line 575]

Mono: successfully reloaded assembly
- Completed reload, in  1.360 seconds
Domain Reload Profiling:
	ReloadAssembly (1360ms)
		BeginReloadAssembly (137ms)
			ExecutionOrderSort (0ms)
			DisableScriptedObjects (7ms)
			BackupInstance (0ms)
			ReleaseScriptingObjects (0ms)
			CreateAndSetChildDomain (46ms)
		EndReloadAssembly (1160ms)
			LoadAssemblies (106ms)
			RebuildTransferFunctionScriptingTraits (0ms)
			SetupTypeCache (396ms)
			ReleaseScriptCaches (2ms)
			RebuildScriptCaches (56ms)
			SetupLoadedEditorAssemblies (452ms)
				LogAssemblyErrors (0ms)
				InitializePlatformSupportModulesInManaged (5ms)
				SetLoadedEditorAssemblies (0ms)
				RefreshPlugins (1ms)
				BeforeProcessingInitializeOnLoad (95ms)
				ProcessInitializeOnLoadAttributes (339ms)
				ProcessInitializeOnLoadMethodAttributes (5ms)
				AfterProcessingInitializeOnLoad (7ms)
				EditorAssembliesLoaded (0ms)
			ExecutionOrderSort2 (0ms)
			AwakeInstancesAfterBackupRestoration (19ms)
Platform modules already initialized, skipping
Refreshing native plugins compatible for Editor in 1.00 ms, found 3 plugins.
Preloading 0 native plugins for Editor in 0.00 ms.
Unloading 4816 Unused Serialized files (Serialized files now loaded: 0)
System memory in use before: 213.7 MB.
System memory in use after: 214.1 MB.

Unloading 26 unused Assets to reduce memory usage. Loaded Objects now: 5697.
Total: 4.425900 ms (FindLiveObjects: 0.416300 ms CreateObjectMapping: 0.306100 ms MarkObjects: 3.618000 ms  DeleteObjects: 0.084600 ms)

AssetImportParameters requested are different than current active one (requested -> active):
  custom:framework-win-MediaFoundation: 216162199b28c13a410421893ffa2e32 -> 
  custom:video-decoder-ogg-theora: a1e56fd34408186e4bbccfd4996cb3dc -> 
  custom:container-muxer-webm: aa71ff27fc2769a1b78a27578f13a17b -> 
  custom:container-demuxer-webm: 4f35f7cbe854078d1ac9338744f61a02 -> 
  custom:container-demuxer-ogg: 62fdf1f143b41e24485cea50d1cbac27 -> 
  custom:video-encoder-webm-vp8: eb34c28f22e8b96e1ab97ce403110664 -> 
  custom:video-codec-MediaFoundation-h265: 746d11721c4dcdbdad8f713fa42b33f4 -> 
  custom:video-decoder-webm-vp8: 9c59270c3fd7afecdb556c50c9e8de78 -> 
  custom:audio-decoder-ogg-vorbis: bf7c407c2cedff20999df2af8eb42d56 -> 
  custom:audio-encoder-webm-vorbis: bf7c407c2cedff20999df2af8eb42d56 -> 
========================================================================
Received Import Request.
  Time since last request: 418.226300 seconds.
  path: Assets/Prefabs/Cannon.prefab
  artifactKey: Guid(6d69c86283a900e43ae2208b5139d925) Importer(815301076,1909f56bfc062723c751e8b465ee728b)
Start importing Assets/Prefabs/Cannon.prefab using Guid(6d69c86283a900e43ae2208b5139d925) Importer(815301076,1909f56bfc062723c751e8b465ee728b)  -> (artifact id: '4be444ef583a422d718044c788efb86f') in 0.152499 seconds 
========================================================================
Received Prepare
Registering precompiled user dll's ...
Registered in 0.006780 seconds.
Begin MonoManager ReloadAssembly
Symbol file LoadedFromMemory doesn't match image C:\Users\sschn\OneDrive\Documents\GitHub\BloodGame\Practicle-Scripting\Library\PackageCache\com.unity.visualscripting@1.6.1\Editor\VisualScripting.Core\Dependencies\YamlDotNet\Unity.VisualScripting.YamlDotNet.dll
Symbol file LoadedFromMemory doesn't match image C:\Users\sschn\OneDrive\Documents\GitHub\BloodGame\Practicle-Scripting\Library\PackageCache\com.unity.visualscripting@1.6.1\Editor\VisualScripting.Core\Dependencies\DotNetZip\Unity.VisualScripting.IonicZip.dll
Native extension for WindowsStandalone target not found
Refreshing native plugins compatible for Editor in 0.96 ms, found 3 plugins.
Preloading 0 native plugins for Editor in 0.00 ms.
Warning: Annotation not found!
UnityEngine.StackTraceUtility:ExtractStackTrace ()
UnityEditor.ProBuilder.EditorUtility:SetGizmoIconEnabled (System.Type,bool) (at Library/PackageCache/com.unity.probuilder@5.0.3/Editor/EditorCore/EditorUtility.cs:575)
UnityEditor.ProBuilder.HierarchyListener:.cctor () (at Library/PackageCache/com.unity.probuilder@5.0.3/Editor/EditorCore/HierarchyListener.cs:21)
System.Runtime.CompilerServices.RuntimeHelpers:RunClassConstructor (System.RuntimeTypeHandle)
UnityEditor.EditorAssemblies:ProcessInitializeOnLoadAttributes (System.Type[])

[Library/PackageCache/com.unity.probuilder@5.0.3/Editor/EditorCore/EditorUtility.cs line 575]

Mono: successfully reloaded assembly
- Completed reload, in  1.291 seconds
Domain Reload Profiling:
	ReloadAssembly (1291ms)
		BeginReloadAssembly (134ms)
			ExecutionOrderSort (0ms)
			DisableScriptedObjects (7ms)
			BackupInstance (0ms)
			ReleaseScriptingObjects (0ms)
			CreateAndSetChildDomain (44ms)
		EndReloadAssembly (1095ms)
			LoadAssemblies (106ms)
			RebuildTransferFunctionScriptingTraits (0ms)
			SetupTypeCache (378ms)
			ReleaseScriptCaches (2ms)
			RebuildScriptCaches (51ms)
			SetupLoadedEditorAssemblies (420ms)
				LogAssemblyErrors (0ms)
				InitializePlatformSupportModulesInManaged (4ms)
				SetLoadedEditorAssemblies (0ms)
				RefreshPlugins (1ms)
				BeforeProcessingInitializeOnLoad (83ms)
				ProcessInitializeOnLoadAttributes (318ms)
				ProcessInitializeOnLoadMethodAttributes (6ms)
				AfterProcessingInitializeOnLoad (7ms)
				EditorAssembliesLoaded (0ms)
			ExecutionOrderSort2 (0ms)
			AwakeInstancesAfterBackupRestoration (19ms)
Platform modules already initialized, skipping
Refreshing native plugins compatible for Editor in 1.01 ms, found 3 plugins.
Preloading 0 native plugins for Editor in 0.00 ms.
Unloading 4816 Unused Serialized files (Serialized files now loaded: 0)
System memory in use before: 214.0 MB.
System memory in use after: 214.4 MB.

Unloading 22 unused Assets to reduce memory usage. Loaded Objects now: 5736.
Total: 4.252600 ms (FindLiveObjects: 0.378800 ms CreateObjectMapping: 0.253200 ms MarkObjects: 3.548000 ms  DeleteObjects: 0.071900 ms)

AssetImportParameters requested are different than current active one (requested -> active):
  custom:framework-win-MediaFoundation: 216162199b28c13a410421893ffa2e32 -> 
  custom:video-decoder-ogg-theora: a1e56fd34408186e4bbccfd4996cb3dc -> 
  custom:container-muxer-webm: aa71ff27fc2769a1b78a27578f13a17b -> 
  custom:container-demuxer-webm: 4f35f7cbe854078d1ac9338744f61a02 -> 
  custom:container-demuxer-ogg: 62fdf1f143b41e24485cea50d1cbac27 -> 
  custom:video-encoder-webm-vp8: eb34c28f22e8b96e1ab97ce403110664 -> 
  custom:video-codec-MediaFoundation-h265: 746d11721c4dcdbdad8f713fa42b33f4 -> 
  custom:video-decoder-webm-vp8: 9c59270c3fd7afecdb556c50c9e8de78 -> 
  custom:audio-decoder-ogg-vorbis: bf7c407c2cedff20999df2af8eb42d56 -> 
  custom:audio-encoder-webm-vorbis: bf7c407c2cedff20999df2af8eb42d56 -> 
AssetImportWorkerClient::OnTransportError - code=2 error=End of file
